<?xml version="1.0" encoding="UTF-8"?>
<robot generator="Robot 7.2.2 (Python 3.10.1 on win32)" generated="2025-03-30T22:46:58.170774" rpa="false" schemaversion="5">
<suite id="s1" name="Ui Tests" source="C:\Users\49176\PycharmProjects\AutomationProject\SpriteCloudAssignment\tests\ui_tests">
<suite id="s1-s1" name="Checkout Tests" source="C:\Users\49176\PycharmProjects\AutomationProject\SpriteCloudAssignment\tests\ui_tests\checkout_tests.robot">
<test id="s1-s1-t1" name="TC01:Valid checkout" line="10">
<kw name="User is in the login page" owner="failed_login_keyword">
<kw name="Evaluate" owner="BuiltIn">
<msg time="2025-03-30T22:46:58.385807" level="INFO">${OPTIONS} = &lt;selenium.webdriver.chrome.options.Options object at 0x00000121F6330910&gt;</msg>
<var>${OPTIONS}</var>
<arg>selenium.webdriver.chrome.options.Options()</arg>
<arg>modules=selenium</arg>
<doc>Evaluates the given expression in Python and returns the result.</doc>
<status status="PASS" start="2025-03-30T22:46:58.385807" elapsed="0.000000"/>
</kw>
<kw name="Call Method" owner="BuiltIn">
<arg>${options}</arg>
<arg>add_argument</arg>
<arg>--headless</arg>
<doc>Calls the named method of the given object with the provided arguments.</doc>
<status status="PASS" start="2025-03-30T22:46:58.385807" elapsed="0.000000"/>
</kw>
<kw name="Call Method" owner="BuiltIn">
<arg>${options}</arg>
<arg>add_argument</arg>
<arg>--disable-gpu</arg>
<doc>Calls the named method of the given object with the provided arguments.</doc>
<status status="PASS" start="2025-03-30T22:46:58.385807" elapsed="0.000000"/>
</kw>
<kw name="Create Webdriver" owner="SeleniumLibrary">
<msg time="2025-03-30T22:46:58.385807" level="INFO">Creating an instance of the Chrome WebDriver.</msg>
<arg>Chrome</arg>
<arg>options=${OPTIONS}</arg>
<doc>Creates an instance of Selenium WebDriver.</doc>
<status status="PASS" start="2025-03-30T22:46:58.385807" elapsed="3.346328"/>
</kw>
<kw name="Go To" owner="SeleniumLibrary">
<msg time="2025-03-30T22:47:01.732135" level="INFO">Opening url 'https://www.saucedemo.com'</msg>
<arg>${URL}</arg>
<doc>Navigates the current browser window to the provided ``url``.</doc>
<status status="PASS" start="2025-03-30T22:47:01.732135" elapsed="0.535169"/>
</kw>
<kw name="Maximize Browser Window" owner="SeleniumLibrary">
<doc>Maximizes current browser window.</doc>
<status status="PASS" start="2025-03-30T22:47:02.267304" elapsed="0.017106"/>
</kw>
<arg>${URL}</arg>
<status status="PASS" start="2025-03-30T22:46:58.385807" elapsed="3.898603"/>
</kw>
<kw name="The user enter the user name" owner="failed_login_keyword">
<kw name="Input Text" owner="SeleniumLibrary">
<msg time="2025-03-30T22:47:02.285244" level="INFO">Typing text 'standard_user' into text field 'xpath://input[@data-test='username']'.</msg>
<arg>${USER_NAME_LOCATOR}</arg>
<arg>${USER_NAME}</arg>
<doc>Types the given ``text`` into the text field identified by ``locator``.</doc>
<status status="PASS" start="2025-03-30T22:47:02.285244" elapsed="0.069578"/>
</kw>
<arg>${USER_NAME}</arg>
<status status="PASS" start="2025-03-30T22:47:02.285244" elapsed="0.069578"/>
</kw>
<kw name="The User enter the password" owner="failed_login_keyword">
<kw name="Input Text" owner="SeleniumLibrary">
<msg time="2025-03-30T22:47:02.354822" level="INFO">Typing text 'secret_sauce' into text field 'xpath://input[@data-test='password']'.</msg>
<arg>${PASSWORD_LOCATOR}</arg>
<arg>${PASSWORD}</arg>
<doc>Types the given ``text`` into the text field identified by ``locator``.</doc>
<status status="PASS" start="2025-03-30T22:47:02.354822" elapsed="0.056132"/>
</kw>
<arg>${PASSWORD}</arg>
<status status="PASS" start="2025-03-30T22:47:02.354822" elapsed="0.056132"/>
</kw>
<kw name="The user submmit the login form" owner="failed_login_keyword">
<kw name="Click Element" owner="SeleniumLibrary">
<msg time="2025-03-30T22:47:02.412609" level="INFO">Clicking element 'xpath://input[@data-test= 'login-button']'.</msg>
<arg>${LOGIN_BUTTON_LOCATOR}</arg>
<doc>Click the element identified by ``locator``.</doc>
<status status="PASS" start="2025-03-30T22:47:02.412609" elapsed="0.069377"/>
</kw>
<status status="PASS" start="2025-03-30T22:47:02.410954" elapsed="0.071032"/>
</kw>
<kw name="The user is in the home page" owner="checkout_keyword">
<kw name="Page Should Contain Element" owner="SeleniumLibrary">
<msg time="2025-03-30T22:47:02.489033" level="INFO">Current page contains element 'xpath://div[@data-test='inventory-list']//div[1]//div[2]//div[2]'.</msg>
<arg>${SWAGLABS_LOCATOR}</arg>
<doc>Verifies that element ``locator`` is found on the current page.</doc>
<status status="PASS" start="2025-03-30T22:47:02.481986" elapsed="0.007047"/>
</kw>
<status status="PASS" start="2025-03-30T22:47:02.481986" elapsed="0.007047"/>
</kw>
<kw name="The user add the products to the cart" owner="checkout_keyword">
<kw name="Get WebElements" owner="SeleniumLibrary">
<msg time="2025-03-30T22:47:02.499037" level="INFO">${products_list} = [&lt;selenium.webdriver.remote.webelement.WebElement (session="d439afa591bf2131aed15d73841642d6", element="f.B59BCC7BFDD969753836E7B9A71F9822.d.052AE9B1D680E4267EAF9501FDA238AF.e.25")&gt;, &lt;selenium.webdriv...</msg>
<var>${products_list}</var>
<arg>${PRODUCT_LOCATOR}</arg>
<doc>Returns a list of WebElement objects matching the ``locator``.</doc>
<status status="PASS" start="2025-03-30T22:47:02.492701" elapsed="0.006336"/>
</kw>
<for flavor="IN">
<iter>
<kw name="Get Text" owner="SeleniumLibrary">
<msg time="2025-03-30T22:47:02.509060" level="INFO">${product_title} = Sauce Labs Backpack</msg>
<var>${product_title}</var>
<arg>${product}</arg>
<doc>Returns the text value of the element identified by ``locator``.</doc>
<status status="PASS" start="2025-03-30T22:47:02.500040" elapsed="0.009020"/>
</kw>
<kw name="Evaluate" owner="BuiltIn">
<msg time="2025-03-30T22:47:02.510060" level="INFO">${add_cart_locator} = xpath://button[contains(@data-test, 'add-to-cart-sauce-labs-backpack')]</msg>
<var>${add_cart_locator}</var>
<arg>"${CART_BUTTONS_LOCATOR}".format("add-to-cart-${product_title.lower().replace(' ', '-')}")</arg>
<doc>Evaluates the given expression in Python and returns the result.</doc>
<status status="PASS" start="2025-03-30T22:47:02.509060" elapsed="0.001000"/>
</kw>
<kw name="Run Keyword If" owner="BuiltIn">
<arg>'${product_title}' == '${PRODUCT_NUMBER1}'</arg>
<arg>Click Element</arg>
<arg>${add_cart_locator}</arg>
<doc>Runs the given keyword with the given arguments, if ``condition`` is true.</doc>
<status status="PASS" start="2025-03-30T22:47:02.510060" elapsed="0.000000"/>
</kw>
<kw name="Run Keyword If" owner="BuiltIn">
<kw name="Click Element" owner="SeleniumLibrary">
<msg time="2025-03-30T22:47:02.511141" level="INFO">Clicking element 'xpath://button[contains(@data-test, 'add-to-cart-sauce-labs-backpack')]'.</msg>
<arg>${add_cart_locator}</arg>
<doc>Click the element identified by ``locator``.</doc>
<status status="PASS" start="2025-03-30T22:47:02.510060" elapsed="0.046088"/>
</kw>
<arg>'${product_title}' == '${PRODUCT_NUMBER2}'</arg>
<arg>Click Element</arg>
<arg>${add_cart_locator}</arg>
<doc>Runs the given keyword with the given arguments, if ``condition`` is true.</doc>
<status status="PASS" start="2025-03-30T22:47:02.510060" elapsed="0.047417"/>
</kw>
<var name="${product}">&lt;selenium.webdriver.remote.webelement.WebElement (session="d439afa591bf2131aed15d73841642d6", element="f.B59BCC7BFDD969753836E7B9A71F9822.d.052AE9B1D680E4267EAF9501FDA238AF.e.25")&gt;</var>
<status status="PASS" start="2025-03-30T22:47:02.500040" elapsed="0.057437"/>
</iter>
<iter>
<kw name="Get Text" owner="SeleniumLibrary">
<msg time="2025-03-30T22:47:02.562441" level="INFO">${product_title} = Sauce Labs Bike Light</msg>
<var>${product_title}</var>
<arg>${product}</arg>
<doc>Returns the text value of the element identified by ``locator``.</doc>
<status status="PASS" start="2025-03-30T22:47:02.557477" elapsed="0.004964"/>
</kw>
<kw name="Evaluate" owner="BuiltIn">
<msg time="2025-03-30T22:47:02.564136" level="INFO">${add_cart_locator} = xpath://button[contains(@data-test, 'add-to-cart-sauce-labs-bike-light')]</msg>
<var>${add_cart_locator}</var>
<arg>"${CART_BUTTONS_LOCATOR}".format("add-to-cart-${product_title.lower().replace(' ', '-')}")</arg>
<doc>Evaluates the given expression in Python and returns the result.</doc>
<status status="PASS" start="2025-03-30T22:47:02.562441" elapsed="0.001695"/>
</kw>
<kw name="Run Keyword If" owner="BuiltIn">
<kw name="Click Element" owner="SeleniumLibrary">
<msg time="2025-03-30T22:47:02.564136" level="INFO">Clicking element 'xpath://button[contains(@data-test, 'add-to-cart-sauce-labs-bike-light')]'.</msg>
<arg>${add_cart_locator}</arg>
<doc>Click the element identified by ``locator``.</doc>
<status status="PASS" start="2025-03-30T22:47:02.564136" elapsed="0.042677"/>
</kw>
<arg>'${product_title}' == '${PRODUCT_NUMBER1}'</arg>
<arg>Click Element</arg>
<arg>${add_cart_locator}</arg>
<doc>Runs the given keyword with the given arguments, if ``condition`` is true.</doc>
<status status="PASS" start="2025-03-30T22:47:02.564136" elapsed="0.042677"/>
</kw>
<kw name="Run Keyword If" owner="BuiltIn">
<arg>'${product_title}' == '${PRODUCT_NUMBER2}'</arg>
<arg>Click Element</arg>
<arg>${add_cart_locator}</arg>
<doc>Runs the given keyword with the given arguments, if ``condition`` is true.</doc>
<status status="PASS" start="2025-03-30T22:47:02.607880" elapsed="0.000000"/>
</kw>
<var name="${product}">&lt;selenium.webdriver.remote.webelement.WebElement (session="d439afa591bf2131aed15d73841642d6", element="f.B59BCC7BFDD969753836E7B9A71F9822.d.052AE9B1D680E4267EAF9501FDA238AF.e.26")&gt;</var>
<status status="PASS" start="2025-03-30T22:47:02.557477" elapsed="0.050926"/>
</iter>
<iter>
<kw name="Get Text" owner="SeleniumLibrary">
<msg time="2025-03-30T22:47:02.617141" level="INFO">${product_title} = Sauce Labs Bolt T-Shirt</msg>
<var>${product_title}</var>
<arg>${product}</arg>
<doc>Returns the text value of the element identified by ``locator``.</doc>
<status status="PASS" start="2025-03-30T22:47:02.608763" elapsed="0.008378"/>
</kw>
<kw name="Evaluate" owner="BuiltIn">
<msg time="2025-03-30T22:47:02.617649" level="INFO">${add_cart_locator} = xpath://button[contains(@data-test, 'add-to-cart-sauce-labs-bolt-t-shirt')]</msg>
<var>${add_cart_locator}</var>
<arg>"${CART_BUTTONS_LOCATOR}".format("add-to-cart-${product_title.lower().replace(' ', '-')}")</arg>
<doc>Evaluates the given expression in Python and returns the result.</doc>
<status status="PASS" start="2025-03-30T22:47:02.617141" elapsed="0.000508"/>
</kw>
<kw name="Run Keyword If" owner="BuiltIn">
<arg>'${product_title}' == '${PRODUCT_NUMBER1}'</arg>
<arg>Click Element</arg>
<arg>${add_cart_locator}</arg>
<doc>Runs the given keyword with the given arguments, if ``condition`` is true.</doc>
<status status="PASS" start="2025-03-30T22:47:02.617649" elapsed="0.000000"/>
</kw>
<kw name="Run Keyword If" owner="BuiltIn">
<arg>'${product_title}' == '${PRODUCT_NUMBER2}'</arg>
<arg>Click Element</arg>
<arg>${add_cart_locator}</arg>
<doc>Runs the given keyword with the given arguments, if ``condition`` is true.</doc>
<status status="PASS" start="2025-03-30T22:47:02.617649" elapsed="0.001012"/>
</kw>
<var name="${product}">&lt;selenium.webdriver.remote.webelement.WebElement (session="d439afa591bf2131aed15d73841642d6", element="f.B59BCC7BFDD969753836E7B9A71F9822.d.052AE9B1D680E4267EAF9501FDA238AF.e.27")&gt;</var>
<status status="PASS" start="2025-03-30T22:47:02.608763" elapsed="0.009898"/>
</iter>
<iter>
<kw name="Get Text" owner="SeleniumLibrary">
<msg time="2025-03-30T22:47:02.625691" level="INFO">${product_title} = Sauce Labs Fleece Jacket</msg>
<var>${product_title}</var>
<arg>${product}</arg>
<doc>Returns the text value of the element identified by ``locator``.</doc>
<status status="PASS" start="2025-03-30T22:47:02.618661" elapsed="0.007030"/>
</kw>
<kw name="Evaluate" owner="BuiltIn">
<msg time="2025-03-30T22:47:02.626718" level="INFO">${add_cart_locator} = xpath://button[contains(@data-test, 'add-to-cart-sauce-labs-fleece-jacket')]</msg>
<var>${add_cart_locator}</var>
<arg>"${CART_BUTTONS_LOCATOR}".format("add-to-cart-${product_title.lower().replace(' ', '-')}")</arg>
<doc>Evaluates the given expression in Python and returns the result.</doc>
<status status="PASS" start="2025-03-30T22:47:02.625691" elapsed="0.001027"/>
</kw>
<kw name="Run Keyword If" owner="BuiltIn">
<arg>'${product_title}' == '${PRODUCT_NUMBER1}'</arg>
<arg>Click Element</arg>
<arg>${add_cart_locator}</arg>
<doc>Runs the given keyword with the given arguments, if ``condition`` is true.</doc>
<status status="PASS" start="2025-03-30T22:47:02.627241" elapsed="0.000000"/>
</kw>
<kw name="Run Keyword If" owner="BuiltIn">
<arg>'${product_title}' == '${PRODUCT_NUMBER2}'</arg>
<arg>Click Element</arg>
<arg>${add_cart_locator}</arg>
<doc>Runs the given keyword with the given arguments, if ``condition`` is true.</doc>
<status status="PASS" start="2025-03-30T22:47:02.627241" elapsed="0.000000"/>
</kw>
<var name="${product}">&lt;selenium.webdriver.remote.webelement.WebElement (session="d439afa591bf2131aed15d73841642d6", element="f.B59BCC7BFDD969753836E7B9A71F9822.d.052AE9B1D680E4267EAF9501FDA238AF.e.28")&gt;</var>
<status status="PASS" start="2025-03-30T22:47:02.618661" elapsed="0.008580"/>
</iter>
<iter>
<kw name="Get Text" owner="SeleniumLibrary">
<msg time="2025-03-30T22:47:02.632152" level="INFO">${product_title} = Sauce Labs Onesie</msg>
<var>${product_title}</var>
<arg>${product}</arg>
<doc>Returns the text value of the element identified by ``locator``.</doc>
<status status="PASS" start="2025-03-30T22:47:02.627241" elapsed="0.004911"/>
</kw>
<kw name="Evaluate" owner="BuiltIn">
<msg time="2025-03-30T22:47:02.632152" level="INFO">${add_cart_locator} = xpath://button[contains(@data-test, 'add-to-cart-sauce-labs-onesie')]</msg>
<var>${add_cart_locator}</var>
<arg>"${CART_BUTTONS_LOCATOR}".format("add-to-cart-${product_title.lower().replace(' ', '-')}")</arg>
<doc>Evaluates the given expression in Python and returns the result.</doc>
<status status="PASS" start="2025-03-30T22:47:02.632152" elapsed="0.001002"/>
</kw>
<kw name="Run Keyword If" owner="BuiltIn">
<arg>'${product_title}' == '${PRODUCT_NUMBER1}'</arg>
<arg>Click Element</arg>
<arg>${add_cart_locator}</arg>
<doc>Runs the given keyword with the given arguments, if ``condition`` is true.</doc>
<status status="PASS" start="2025-03-30T22:47:02.633154" elapsed="0.000000"/>
</kw>
<kw name="Run Keyword If" owner="BuiltIn">
<arg>'${product_title}' == '${PRODUCT_NUMBER2}'</arg>
<arg>Click Element</arg>
<arg>${add_cart_locator}</arg>
<doc>Runs the given keyword with the given arguments, if ``condition`` is true.</doc>
<status status="PASS" start="2025-03-30T22:47:02.633154" elapsed="0.000000"/>
</kw>
<var name="${product}">&lt;selenium.webdriver.remote.webelement.WebElement (session="d439afa591bf2131aed15d73841642d6", element="f.B59BCC7BFDD969753836E7B9A71F9822.d.052AE9B1D680E4267EAF9501FDA238AF.e.29")&gt;</var>
<status status="PASS" start="2025-03-30T22:47:02.627241" elapsed="0.005913"/>
</iter>
<iter>
<kw name="Get Text" owner="SeleniumLibrary">
<msg time="2025-03-30T22:47:02.638395" level="INFO">${product_title} = Test.allTheThings() T-Shirt (Red)</msg>
<var>${product_title}</var>
<arg>${product}</arg>
<doc>Returns the text value of the element identified by ``locator``.</doc>
<status status="PASS" start="2025-03-30T22:47:02.633154" elapsed="0.005241"/>
</kw>
<kw name="Evaluate" owner="BuiltIn">
<msg time="2025-03-30T22:47:02.638911" level="INFO">${add_cart_locator} = xpath://button[contains(@data-test, 'add-to-cart-test.allthethings()-t-shirt-(red)')]</msg>
<var>${add_cart_locator}</var>
<arg>"${CART_BUTTONS_LOCATOR}".format("add-to-cart-${product_title.lower().replace(' ', '-')}")</arg>
<doc>Evaluates the given expression in Python and returns the result.</doc>
<status status="PASS" start="2025-03-30T22:47:02.638395" elapsed="0.000516"/>
</kw>
<kw name="Run Keyword If" owner="BuiltIn">
<arg>'${product_title}' == '${PRODUCT_NUMBER1}'</arg>
<arg>Click Element</arg>
<arg>${add_cart_locator}</arg>
<doc>Runs the given keyword with the given arguments, if ``condition`` is true.</doc>
<status status="PASS" start="2025-03-30T22:47:02.638911" elapsed="0.000000"/>
</kw>
<kw name="Run Keyword If" owner="BuiltIn">
<arg>'${product_title}' == '${PRODUCT_NUMBER2}'</arg>
<arg>Click Element</arg>
<arg>${add_cart_locator}</arg>
<doc>Runs the given keyword with the given arguments, if ``condition`` is true.</doc>
<status status="PASS" start="2025-03-30T22:47:02.639927" elapsed="0.000000"/>
</kw>
<var name="${product}">&lt;selenium.webdriver.remote.webelement.WebElement (session="d439afa591bf2131aed15d73841642d6", element="f.B59BCC7BFDD969753836E7B9A71F9822.d.052AE9B1D680E4267EAF9501FDA238AF.e.30")&gt;</var>
<status status="PASS" start="2025-03-30T22:47:02.633154" elapsed="0.006773"/>
</iter>
<var>${product}</var>
<value>@{products_list}</value>
<status status="PASS" start="2025-03-30T22:47:02.500040" elapsed="0.139887"/>
</for>
<for flavor="IN">
<iter>
<kw name="Get Text" owner="SeleniumLibrary">
<msg time="2025-03-30T22:47:02.645666" level="INFO">${product_title} = Sauce Labs Backpack</msg>
<var>${product_title}</var>
<arg>${product}</arg>
<doc>Returns the text value of the element identified by ``locator``.</doc>
<status status="PASS" start="2025-03-30T22:47:02.639927" elapsed="0.005739"/>
</kw>
<kw name="Evaluate" owner="BuiltIn">
<msg time="2025-03-30T22:47:02.646699" level="INFO">${remove_cart_locator} = xpath://button[contains(@data-test, 'remove-sauce-labs-backpack')]</msg>
<var>${remove_cart_locator}</var>
<arg>"${CART_BUTTONS_LOCATOR}".format("remove-${product_title.lower().replace(' ', '-')}")</arg>
<doc>Evaluates the given expression in Python and returns the result.</doc>
<status status="PASS" start="2025-03-30T22:47:02.645666" elapsed="0.001033"/>
</kw>
<kw name="Run Keyword If" owner="BuiltIn">
<arg>'${product_title}' == '${PRODUCT_NUMBER1}'</arg>
<arg>Element text should be</arg>
<arg>${remove_cart_locator}</arg>
<arg>Remove</arg>
<doc>Runs the given keyword with the given arguments, if ``condition`` is true.</doc>
<status status="PASS" start="2025-03-30T22:47:02.646699" elapsed="0.000000"/>
</kw>
<kw name="Run Keyword If" owner="BuiltIn">
<kw name="Element Text Should Be" owner="SeleniumLibrary">
<msg time="2025-03-30T22:47:02.646699" level="INFO">Verifying element 'xpath://button[contains(@data-test, 'remove-sauce-labs-backpack')]' contains exact text 'Remove'.</msg>
<arg>${remove_cart_locator}</arg>
<arg>Remove</arg>
<doc>Verifies that element ``locator`` contains exact the text ``expected``.</doc>
<status status="PASS" start="2025-03-30T22:47:02.646699" elapsed="0.013399"/>
</kw>
<arg>'${product_title}' == '${PRODUCT_NUMBER2}'</arg>
<arg>Element text should be</arg>
<arg>${remove_cart_locator}</arg>
<arg>Remove</arg>
<doc>Runs the given keyword with the given arguments, if ``condition`` is true.</doc>
<status status="PASS" start="2025-03-30T22:47:02.646699" elapsed="0.013399"/>
</kw>
<var name="${product}">&lt;selenium.webdriver.remote.webelement.WebElement (session="d439afa591bf2131aed15d73841642d6", element="f.B59BCC7BFDD969753836E7B9A71F9822.d.052AE9B1D680E4267EAF9501FDA238AF.e.25")&gt;</var>
<status status="PASS" start="2025-03-30T22:47:02.639927" elapsed="0.020171"/>
</iter>
<iter>
<kw name="Get Text" owner="SeleniumLibrary">
<msg time="2025-03-30T22:47:02.664409" level="INFO">${product_title} = Sauce Labs Bike Light</msg>
<var>${product_title}</var>
<arg>${product}</arg>
<doc>Returns the text value of the element identified by ``locator``.</doc>
<status status="PASS" start="2025-03-30T22:47:02.660098" elapsed="0.005368"/>
</kw>
<kw name="Evaluate" owner="BuiltIn">
<msg time="2025-03-30T22:47:02.665986" level="INFO">${remove_cart_locator} = xpath://button[contains(@data-test, 'remove-sauce-labs-bike-light')]</msg>
<var>${remove_cart_locator}</var>
<arg>"${CART_BUTTONS_LOCATOR}".format("remove-${product_title.lower().replace(' ', '-')}")</arg>
<doc>Evaluates the given expression in Python and returns the result.</doc>
<status status="PASS" start="2025-03-30T22:47:02.665466" elapsed="0.000520"/>
</kw>
<kw name="Run Keyword If" owner="BuiltIn">
<kw name="Element Text Should Be" owner="SeleniumLibrary">
<msg time="2025-03-30T22:47:02.666503" level="INFO">Verifying element 'xpath://button[contains(@data-test, 'remove-sauce-labs-bike-light')]' contains exact text 'Remove'.</msg>
<arg>${remove_cart_locator}</arg>
<arg>Remove</arg>
<doc>Verifies that element ``locator`` contains exact the text ``expected``.</doc>
<status status="PASS" start="2025-03-30T22:47:02.666503" elapsed="0.010508"/>
</kw>
<arg>'${product_title}' == '${PRODUCT_NUMBER1}'</arg>
<arg>Element text should be</arg>
<arg>${remove_cart_locator}</arg>
<arg>Remove</arg>
<doc>Runs the given keyword with the given arguments, if ``condition`` is true.</doc>
<status status="PASS" start="2025-03-30T22:47:02.665986" elapsed="0.011025"/>
</kw>
<kw name="Run Keyword If" owner="BuiltIn">
<arg>'${product_title}' == '${PRODUCT_NUMBER2}'</arg>
<arg>Element text should be</arg>
<arg>${remove_cart_locator}</arg>
<arg>Remove</arg>
<doc>Runs the given keyword with the given arguments, if ``condition`` is true.</doc>
<status status="PASS" start="2025-03-30T22:47:02.677011" elapsed="0.000000"/>
</kw>
<var name="${product}">&lt;selenium.webdriver.remote.webelement.WebElement (session="d439afa591bf2131aed15d73841642d6", element="f.B59BCC7BFDD969753836E7B9A71F9822.d.052AE9B1D680E4267EAF9501FDA238AF.e.26")&gt;</var>
<status status="PASS" start="2025-03-30T22:47:02.660098" elapsed="0.016913"/>
</iter>
<iter>
<kw name="Get Text" owner="SeleniumLibrary">
<msg time="2025-03-30T22:47:02.682670" level="INFO">${product_title} = Sauce Labs Bolt T-Shirt</msg>
<var>${product_title}</var>
<arg>${product}</arg>
<doc>Returns the text value of the element identified by ``locator``.</doc>
<status status="PASS" start="2025-03-30T22:47:02.678111" elapsed="0.005075"/>
</kw>
<kw name="Evaluate" owner="BuiltIn">
<msg time="2025-03-30T22:47:02.683697" level="INFO">${remove_cart_locator} = xpath://button[contains(@data-test, 'remove-sauce-labs-bolt-t-shirt')]</msg>
<var>${remove_cart_locator}</var>
<arg>"${CART_BUTTONS_LOCATOR}".format("remove-${product_title.lower().replace(' ', '-')}")</arg>
<doc>Evaluates the given expression in Python and returns the result.</doc>
<status status="PASS" start="2025-03-30T22:47:02.683186" elapsed="0.000511"/>
</kw>
<kw name="Run Keyword If" owner="BuiltIn">
<arg>'${product_title}' == '${PRODUCT_NUMBER1}'</arg>
<arg>Element text should be</arg>
<arg>${remove_cart_locator}</arg>
<arg>Remove</arg>
<doc>Runs the given keyword with the given arguments, if ``condition`` is true.</doc>
<status status="PASS" start="2025-03-30T22:47:02.683697" elapsed="0.000000"/>
</kw>
<kw name="Run Keyword If" owner="BuiltIn">
<arg>'${product_title}' == '${PRODUCT_NUMBER2}'</arg>
<arg>Element text should be</arg>
<arg>${remove_cart_locator}</arg>
<arg>Remove</arg>
<doc>Runs the given keyword with the given arguments, if ``condition`` is true.</doc>
<status status="PASS" start="2025-03-30T22:47:02.683697" elapsed="0.000000"/>
</kw>
<var name="${product}">&lt;selenium.webdriver.remote.webelement.WebElement (session="d439afa591bf2131aed15d73841642d6", element="f.B59BCC7BFDD969753836E7B9A71F9822.d.052AE9B1D680E4267EAF9501FDA238AF.e.27")&gt;</var>
<status status="PASS" start="2025-03-30T22:47:02.678111" elapsed="0.005586"/>
</iter>
<iter>
<kw name="Get Text" owner="SeleniumLibrary">
<msg time="2025-03-30T22:47:02.689070" level="INFO">${product_title} = Sauce Labs Fleece Jacket</msg>
<var>${product_title}</var>
<arg>${product}</arg>
<doc>Returns the text value of the element identified by ``locator``.</doc>
<status status="PASS" start="2025-03-30T22:47:02.684710" elapsed="0.004360"/>
</kw>
<kw name="Evaluate" owner="BuiltIn">
<msg time="2025-03-30T22:47:02.689586" level="INFO">${remove_cart_locator} = xpath://button[contains(@data-test, 'remove-sauce-labs-fleece-jacket')]</msg>
<var>${remove_cart_locator}</var>
<arg>"${CART_BUTTONS_LOCATOR}".format("remove-${product_title.lower().replace(' ', '-')}")</arg>
<doc>Evaluates the given expression in Python and returns the result.</doc>
<status status="PASS" start="2025-03-30T22:47:02.689070" elapsed="0.001034"/>
</kw>
<kw name="Run Keyword If" owner="BuiltIn">
<arg>'${product_title}' == '${PRODUCT_NUMBER1}'</arg>
<arg>Element text should be</arg>
<arg>${remove_cart_locator}</arg>
<arg>Remove</arg>
<doc>Runs the given keyword with the given arguments, if ``condition`` is true.</doc>
<status status="PASS" start="2025-03-30T22:47:02.690104" elapsed="0.000000"/>
</kw>
<kw name="Run Keyword If" owner="BuiltIn">
<arg>'${product_title}' == '${PRODUCT_NUMBER2}'</arg>
<arg>Element text should be</arg>
<arg>${remove_cart_locator}</arg>
<arg>Remove</arg>
<doc>Runs the given keyword with the given arguments, if ``condition`` is true.</doc>
<status status="PASS" start="2025-03-30T22:47:02.690104" elapsed="0.000000"/>
</kw>
<var name="${product}">&lt;selenium.webdriver.remote.webelement.WebElement (session="d439afa591bf2131aed15d73841642d6", element="f.B59BCC7BFDD969753836E7B9A71F9822.d.052AE9B1D680E4267EAF9501FDA238AF.e.28")&gt;</var>
<status status="PASS" start="2025-03-30T22:47:02.683697" elapsed="0.006407"/>
</iter>
<iter>
<kw name="Get Text" owner="SeleniumLibrary">
<msg time="2025-03-30T22:47:02.695490" level="INFO">${product_title} = Sauce Labs Onesie</msg>
<var>${product_title}</var>
<arg>${product}</arg>
<doc>Returns the text value of the element identified by ``locator``.</doc>
<status status="PASS" start="2025-03-30T22:47:02.690104" elapsed="0.005386"/>
</kw>
<kw name="Evaluate" owner="BuiltIn">
<msg time="2025-03-30T22:47:02.696010" level="INFO">${remove_cart_locator} = xpath://button[contains(@data-test, 'remove-sauce-labs-onesie')]</msg>
<var>${remove_cart_locator}</var>
<arg>"${CART_BUTTONS_LOCATOR}".format("remove-${product_title.lower().replace(' ', '-')}")</arg>
<doc>Evaluates the given expression in Python and returns the result.</doc>
<status status="PASS" start="2025-03-30T22:47:02.695490" elapsed="0.000520"/>
</kw>
<kw name="Run Keyword If" owner="BuiltIn">
<arg>'${product_title}' == '${PRODUCT_NUMBER1}'</arg>
<arg>Element text should be</arg>
<arg>${remove_cart_locator}</arg>
<arg>Remove</arg>
<doc>Runs the given keyword with the given arguments, if ``condition`` is true.</doc>
<status status="PASS" start="2025-03-30T22:47:02.696010" elapsed="0.000517"/>
</kw>
<kw name="Run Keyword If" owner="BuiltIn">
<arg>'${product_title}' == '${PRODUCT_NUMBER2}'</arg>
<arg>Element text should be</arg>
<arg>${remove_cart_locator}</arg>
<arg>Remove</arg>
<doc>Runs the given keyword with the given arguments, if ``condition`` is true.</doc>
<status status="PASS" start="2025-03-30T22:47:02.696527" elapsed="0.000000"/>
</kw>
<var name="${product}">&lt;selenium.webdriver.remote.webelement.WebElement (session="d439afa591bf2131aed15d73841642d6", element="f.B59BCC7BFDD969753836E7B9A71F9822.d.052AE9B1D680E4267EAF9501FDA238AF.e.29")&gt;</var>
<status status="PASS" start="2025-03-30T22:47:02.690104" elapsed="0.006423"/>
</iter>
<iter>
<kw name="Get Text" owner="SeleniumLibrary">
<msg time="2025-03-30T22:47:02.701300" level="INFO">${product_title} = Test.allTheThings() T-Shirt (Red)</msg>
<var>${product_title}</var>
<arg>${product}</arg>
<doc>Returns the text value of the element identified by ``locator``.</doc>
<status status="PASS" start="2025-03-30T22:47:02.696527" elapsed="0.004773"/>
</kw>
<kw name="Evaluate" owner="BuiltIn">
<msg time="2025-03-30T22:47:02.701300" level="INFO">${remove_cart_locator} = xpath://button[contains(@data-test, 'remove-test.allthethings()-t-shirt-(red)')]</msg>
<var>${remove_cart_locator}</var>
<arg>"${CART_BUTTONS_LOCATOR}".format("remove-${product_title.lower().replace(' ', '-')}")</arg>
<doc>Evaluates the given expression in Python and returns the result.</doc>
<status status="PASS" start="2025-03-30T22:47:02.701300" elapsed="0.000000"/>
</kw>
<kw name="Run Keyword If" owner="BuiltIn">
<arg>'${product_title}' == '${PRODUCT_NUMBER1}'</arg>
<arg>Element text should be</arg>
<arg>${remove_cart_locator}</arg>
<arg>Remove</arg>
<doc>Runs the given keyword with the given arguments, if ``condition`` is true.</doc>
<status status="PASS" start="2025-03-30T22:47:02.701300" elapsed="0.001069"/>
</kw>
<kw name="Run Keyword If" owner="BuiltIn">
<arg>'${product_title}' == '${PRODUCT_NUMBER2}'</arg>
<arg>Element text should be</arg>
<arg>${remove_cart_locator}</arg>
<arg>Remove</arg>
<doc>Runs the given keyword with the given arguments, if ``condition`` is true.</doc>
<status status="PASS" start="2025-03-30T22:47:02.702369" elapsed="0.000000"/>
</kw>
<var name="${product}">&lt;selenium.webdriver.remote.webelement.WebElement (session="d439afa591bf2131aed15d73841642d6", element="f.B59BCC7BFDD969753836E7B9A71F9822.d.052AE9B1D680E4267EAF9501FDA238AF.e.30")&gt;</var>
<status status="PASS" start="2025-03-30T22:47:02.696527" elapsed="0.005842"/>
</iter>
<var>${product}</var>
<value>@{products_list}</value>
<status status="PASS" start="2025-03-30T22:47:02.639927" elapsed="0.062442"/>
</for>
<arg>${PRODUCT_NUMBER1}</arg>
<arg>${PRODUCT_NUMBER2}</arg>
<status status="PASS" start="2025-03-30T22:47:02.489033" elapsed="0.213336"/>
</kw>
<kw name="The user verify the cart" owner="checkout_keyword">
<kw name="Click Element" owner="SeleniumLibrary">
<msg time="2025-03-30T22:47:02.702889" level="INFO">Clicking element 'xpath://a[@data-test='shopping-cart-link']'.</msg>
<arg>${SHOPPING_CART_ICON}</arg>
<doc>Click the element identified by ``locator``.</doc>
<status status="PASS" start="2025-03-30T22:47:02.702889" elapsed="0.046225"/>
</kw>
<kw name="Get WebElements" owner="SeleniumLibrary">
<msg time="2025-03-30T22:47:02.757770" level="INFO">${cart_Items} = [&lt;selenium.webdriver.remote.webelement.WebElement (session="d439afa591bf2131aed15d73841642d6", element="f.B59BCC7BFDD969753836E7B9A71F9822.d.052AE9B1D680E4267EAF9501FDA238AF.e.58")&gt;, &lt;selenium.webdriv...</msg>
<var>${cart_Items}</var>
<arg>${INVENTORY_ITEM_NAME}</arg>
<doc>Returns a list of WebElement objects matching the ``locator``.</doc>
<status status="PASS" start="2025-03-30T22:47:02.749114" elapsed="0.008656"/>
</kw>
<kw name="Set Variable" owner="BuiltIn">
<msg time="2025-03-30T22:47:02.758794" level="INFO">${product1_found} = False</msg>
<var>${product1_found}</var>
<arg>False</arg>
<doc>Returns the given values which can then be assigned to a variables.</doc>
<status status="PASS" start="2025-03-30T22:47:02.757770" elapsed="0.001024"/>
</kw>
<kw name="Set Variable" owner="BuiltIn">
<msg time="2025-03-30T22:47:02.758794" level="INFO">${product2_found} = False</msg>
<var>${product2_found}</var>
<arg>False</arg>
<doc>Returns the given values which can then be assigned to a variables.</doc>
<status status="PASS" start="2025-03-30T22:47:02.758794" elapsed="0.000000"/>
</kw>
<for flavor="IN">
<iter>
<kw name="Get Text" owner="SeleniumLibrary">
<msg time="2025-03-30T22:47:02.764848" level="INFO">${item_name} = Sauce Labs Backpack</msg>
<var>${item_name}</var>
<arg>${item}</arg>
<doc>Returns the text value of the element identified by ``locator``.</doc>
<status status="PASS" start="2025-03-30T22:47:02.759301" elapsed="0.005547"/>
</kw>
<if>
<branch type="IF" condition="'${item_name}' == '${PRODUCT_NUMBER1}'">
<kw name="Set Variable" owner="BuiltIn">
<var>${product1_found}</var>
<arg>True</arg>
<doc>Returns the given values which can then be assigned to a variables.</doc>
<status status="NOT RUN" start="2025-03-30T22:47:02.765703" elapsed="0.000000"/>
</kw>
<status status="NOT RUN" start="2025-03-30T22:47:02.764848" elapsed="0.000855"/>
</branch>
<status status="PASS" start="2025-03-30T22:47:02.764848" elapsed="0.000855"/>
</if>
<if>
<branch type="IF" condition="'${item_name}' == '${PRODUCT_NUMBER2}'">
<kw name="Set Variable" owner="BuiltIn">
<msg time="2025-03-30T22:47:02.766215" level="INFO">${product2_found} = True</msg>
<var>${product2_found}</var>
<arg>True</arg>
<doc>Returns the given values which can then be assigned to a variables.</doc>
<status status="PASS" start="2025-03-30T22:47:02.766215" elapsed="0.000000"/>
</kw>
<status status="PASS" start="2025-03-30T22:47:02.765703" elapsed="0.000512"/>
</branch>
<status status="PASS" start="2025-03-30T22:47:02.765703" elapsed="0.000512"/>
</if>
<var name="${item}">&lt;selenium.webdriver.remote.webelement.WebElement (session="d439afa591bf2131aed15d73841642d6", element="f.B59BCC7BFDD969753836E7B9A71F9822.d.052AE9B1D680E4267EAF9501FDA238AF.e.58")&gt;</var>
<status status="PASS" start="2025-03-30T22:47:02.759301" elapsed="0.006914"/>
</iter>
<iter>
<kw name="Get Text" owner="SeleniumLibrary">
<msg time="2025-03-30T22:47:02.771126" level="INFO">${item_name} = Sauce Labs Bike Light</msg>
<var>${item_name}</var>
<arg>${item}</arg>
<doc>Returns the text value of the element identified by ``locator``.</doc>
<status status="PASS" start="2025-03-30T22:47:02.766215" elapsed="0.004911"/>
</kw>
<if>
<branch type="IF" condition="'${item_name}' == '${PRODUCT_NUMBER1}'">
<kw name="Set Variable" owner="BuiltIn">
<msg time="2025-03-30T22:47:02.772210" level="INFO">${product1_found} = True</msg>
<var>${product1_found}</var>
<arg>True</arg>
<doc>Returns the given values which can then be assigned to a variables.</doc>
<status status="PASS" start="2025-03-30T22:47:02.771126" elapsed="0.001084"/>
</kw>
<status status="PASS" start="2025-03-30T22:47:02.771126" elapsed="0.001084"/>
</branch>
<status status="PASS" start="2025-03-30T22:47:02.771126" elapsed="0.001084"/>
</if>
<if>
<branch type="IF" condition="'${item_name}' == '${PRODUCT_NUMBER2}'">
<kw name="Set Variable" owner="BuiltIn">
<var>${product2_found}</var>
<arg>True</arg>
<doc>Returns the given values which can then be assigned to a variables.</doc>
<status status="NOT RUN" start="2025-03-30T22:47:02.772210" elapsed="0.000000"/>
</kw>
<status status="NOT RUN" start="2025-03-30T22:47:02.772210" elapsed="0.000000"/>
</branch>
<status status="PASS" start="2025-03-30T22:47:02.772210" elapsed="0.000000"/>
</if>
<var name="${item}">&lt;selenium.webdriver.remote.webelement.WebElement (session="d439afa591bf2131aed15d73841642d6", element="f.B59BCC7BFDD969753836E7B9A71F9822.d.052AE9B1D680E4267EAF9501FDA238AF.e.59")&gt;</var>
<status status="PASS" start="2025-03-30T22:47:02.766215" elapsed="0.006514"/>
</iter>
<var>${item}</var>
<value>@{cart_items}</value>
<status status="PASS" start="2025-03-30T22:47:02.758794" elapsed="0.013935"/>
</for>
<kw name="Should Be True" owner="BuiltIn">
<arg>${product1_found}</arg>
<doc>Fails if the given condition is not true.</doc>
<status status="PASS" start="2025-03-30T22:47:02.772729" elapsed="0.000000"/>
</kw>
<kw name="Should Be True" owner="BuiltIn">
<arg>${product2_found}</arg>
<doc>Fails if the given condition is not true.</doc>
<status status="PASS" start="2025-03-30T22:47:02.772729" elapsed="0.000000"/>
</kw>
<arg>${PRODUCT_NUMBER1}</arg>
<arg>${PRODUCT_NUMBER2}</arg>
<status status="PASS" start="2025-03-30T22:47:02.702889" elapsed="0.069840"/>
</kw>
<kw name="The user click on checkout button" owner="checkout_keyword">
<kw name="Click Element" owner="SeleniumLibrary">
<msg time="2025-03-30T22:47:02.772729" level="INFO">Clicking element 'xpath://button[@data-test='checkout']'.</msg>
<arg>${checkout_button}</arg>
<doc>Click the element identified by ``locator``.</doc>
<status status="PASS" start="2025-03-30T22:47:02.772729" elapsed="0.038581"/>
</kw>
<status status="PASS" start="2025-03-30T22:47:02.772729" elapsed="0.038974"/>
</kw>
<kw name="The user enter the first name" owner="checkout_keyword">
<kw name="Input Text" owner="SeleniumLibrary">
<msg time="2025-03-30T22:47:02.811703" level="INFO">Typing text 'Kawtar' into text field 'xpath://input[@data-test='firstName']'.</msg>
<arg>${FIRST_NAME_LOCATOR}</arg>
<arg>${FIRST_NAME}</arg>
<doc>Types the given ``text`` into the text field identified by ``locator``.</doc>
<status status="PASS" start="2025-03-30T22:47:02.811703" elapsed="0.050089"/>
</kw>
<arg>${FIRST_NAME}</arg>
<status status="PASS" start="2025-03-30T22:47:02.811703" elapsed="0.050089"/>
</kw>
<kw name="The user enter the last name" owner="checkout_keyword">
<kw name="Input Text" owner="SeleniumLibrary">
<msg time="2025-03-30T22:47:02.862779" level="INFO">Typing text 'Khoumri' into text field 'xpath://input[@data-test='lastName']'.</msg>
<arg>${LAST_NAME_LOCATOR}</arg>
<arg>${LAST_NAME}</arg>
<doc>Types the given ``text`` into the text field identified by ``locator``.</doc>
<status status="PASS" start="2025-03-30T22:47:02.862779" elapsed="0.046606"/>
</kw>
<arg>${LAST_NAME}</arg>
<status status="PASS" start="2025-03-30T22:47:02.862779" elapsed="0.046606"/>
</kw>
<kw name="The user enter the zip or the postal code" owner="checkout_keyword">
<kw name="Input Text" owner="SeleniumLibrary">
<msg time="2025-03-30T22:47:02.910404" level="INFO">Typing text 'X16PX' into text field 'xpath://input[@data-test='postalCode']'.</msg>
<arg>${ZIP_CODE_LOCATOR}</arg>
<arg>${ZIP_CODE}</arg>
<doc>Types the given ``text`` into the text field identified by ``locator``.</doc>
<status status="PASS" start="2025-03-30T22:47:02.910404" elapsed="0.048309"/>
</kw>
<kw name="Click Element" owner="SeleniumLibrary">
<msg time="2025-03-30T22:47:02.959776" level="INFO">Clicking element 'xpath://input[@data-test= 'continue']'.</msg>
<arg>${CONTINUE_BUTTON_LOCATOR}</arg>
<doc>Click the element identified by ``locator``.</doc>
<status status="PASS" start="2025-03-30T22:47:02.958713" elapsed="0.046238"/>
</kw>
<arg>${ZIP_CODE}</arg>
<status status="PASS" start="2025-03-30T22:47:02.909385" elapsed="0.095566"/>
</kw>
<kw name="The user is in the Checkout overview page" owner="checkout_keyword">
<kw name="Element Text Should Be" owner="SeleniumLibrary">
<msg time="2025-03-30T22:47:03.004951" level="INFO">Verifying element 'xpath://span[@data-test='title']' contains exact text 'Checkout: Overview'.</msg>
<arg>${CHECKOUT_OVERVIEW_TITLE_LOCATOR}</arg>
<arg>Checkout: Overview</arg>
<doc>Verifies that element ``locator`` contains exact the text ``expected``.</doc>
<status status="PASS" start="2025-03-30T22:47:03.004951" elapsed="0.012045"/>
</kw>
<status status="PASS" start="2025-03-30T22:47:03.004951" elapsed="0.013056"/>
</kw>
<kw name="Check if the total price is equal to the items prices" owner="checkout_keyword">
<kw name="Get WebElements" owner="SeleniumLibrary">
<msg time="2025-03-30T22:47:03.024543" level="INFO">${items_prices} = [&lt;selenium.webdriver.remote.webelement.WebElement (session="d439afa591bf2131aed15d73841642d6", element="f.B59BCC7BFDD969753836E7B9A71F9822.d.052AE9B1D680E4267EAF9501FDA238AF.e.84")&gt;, &lt;selenium.webdriv...</msg>
<var>${items_prices}</var>
<arg>${ITEMS_PRICE_LOCATOR}</arg>
<doc>Returns a list of WebElement objects matching the ``locator``.</doc>
<status status="PASS" start="2025-03-30T22:47:03.018007" elapsed="0.006536"/>
</kw>
<kw name="Set Variable" owner="BuiltIn">
<msg time="2025-03-30T22:47:03.025643" level="INFO">${total_items_price} = 0</msg>
<var>${total_items_price}</var>
<arg>0</arg>
<doc>Returns the given values which can then be assigned to a variables.</doc>
<status status="PASS" start="2025-03-30T22:47:03.024543" elapsed="0.001100"/>
</kw>
<for flavor="IN">
<iter>
<kw name="Get Text" owner="SeleniumLibrary">
<msg time="2025-03-30T22:47:03.030070" level="INFO">${item_price} = $29.99</msg>
<var>${item_price}</var>
<arg>${price}</arg>
<doc>Returns the text value of the element identified by ``locator``.</doc>
<status status="PASS" start="2025-03-30T22:47:03.025643" elapsed="0.004427"/>
</kw>
<kw name="Evaluate" owner="BuiltIn">
<msg time="2025-03-30T22:47:03.031171" level="INFO">${total_items_price} = 29.99</msg>
<var>${total_items_price}</var>
<arg>${total_items_price} + float(${item_price.replace('$', '')})</arg>
<doc>Evaluates the given expression in Python and returns the result.</doc>
<status status="PASS" start="2025-03-30T22:47:03.030070" elapsed="0.001101"/>
</kw>
<var name="${price}">&lt;selenium.webdriver.remote.webelement.WebElement (session="d439afa591bf2131aed15d73841642d6", element="f.B59BCC7BFDD969753836E7B9A71F9822.d.052AE9B1D680E4267EAF9501FDA238AF.e.84")&gt;</var>
<status status="PASS" start="2025-03-30T22:47:03.025643" elapsed="0.005528"/>
</iter>
<iter>
<kw name="Get Text" owner="SeleniumLibrary">
<msg time="2025-03-30T22:47:03.035254" level="INFO">${item_price} = $9.99</msg>
<var>${item_price}</var>
<arg>${price}</arg>
<doc>Returns the text value of the element identified by ``locator``.</doc>
<status status="PASS" start="2025-03-30T22:47:03.031691" elapsed="0.003563"/>
</kw>
<kw name="Evaluate" owner="BuiltIn">
<msg time="2025-03-30T22:47:03.036488" level="INFO">${total_items_price} = 39.98</msg>
<var>${total_items_price}</var>
<arg>${total_items_price} + float(${item_price.replace('$', '')})</arg>
<doc>Evaluates the given expression in Python and returns the result.</doc>
<status status="PASS" start="2025-03-30T22:47:03.035254" elapsed="0.001753"/>
</kw>
<var name="${price}">&lt;selenium.webdriver.remote.webelement.WebElement (session="d439afa591bf2131aed15d73841642d6", element="f.B59BCC7BFDD969753836E7B9A71F9822.d.052AE9B1D680E4267EAF9501FDA238AF.e.85")&gt;</var>
<status status="PASS" start="2025-03-30T22:47:03.031691" elapsed="0.005316"/>
</iter>
<var>${price}</var>
<value>@{items_prices}</value>
<status status="PASS" start="2025-03-30T22:47:03.025643" elapsed="0.011435"/>
</for>
<kw name="Get Text" owner="SeleniumLibrary">
<msg time="2025-03-30T22:47:03.047443" level="INFO">${total_price} = Item total: $39.98</msg>
<var>${total_price}</var>
<arg>${TOTAL_PRICE_LOCATOR}</arg>
<doc>Returns the text value of the element identified by ``locator``.</doc>
<status status="PASS" start="2025-03-30T22:47:03.037078" elapsed="0.010365"/>
</kw>
<kw name="Set Variable" owner="BuiltIn">
<msg time="2025-03-30T22:47:03.048901" level="INFO">${total_price} = 39.98</msg>
<var>${total_price}</var>
<arg>${total_price.replace('Item total: $', '')}</arg>
<doc>Returns the given values which can then be assigned to a variables.</doc>
<status status="PASS" start="2025-03-30T22:47:03.047443" elapsed="0.001458"/>
</kw>
<kw name="Should Be Equal As Numbers" owner="BuiltIn">
<msg time="2025-03-30T22:47:03.049421" level="INFO">Argument types are:
&lt;class 'float'&gt;
&lt;class 'str'&gt;</msg>
<arg>${total_items_price}</arg>
<arg>${total_price}</arg>
<doc>Fails if objects are unequal after converting them to real numbers.</doc>
<status status="PASS" start="2025-03-30T22:47:03.048901" elapsed="0.000520"/>
</kw>
<status status="PASS" start="2025-03-30T22:47:03.018007" elapsed="0.031414"/>
</kw>
<kw name="The user click on finish" owner="checkout_keyword">
<kw name="Click Element" owner="SeleniumLibrary">
<msg time="2025-03-30T22:47:03.049421" level="INFO">Clicking element 'xpath://button[@data-test='finish']'.</msg>
<arg>${FINISH_BUTTON_LOCATOR}</arg>
<doc>Click the element identified by ``locator``.</doc>
<status status="PASS" start="2025-03-30T22:47:03.049421" elapsed="0.036337"/>
</kw>
<status status="PASS" start="2025-03-30T22:47:03.049421" elapsed="0.036337"/>
</kw>
<kw name="The checkout is complete and the cart is empty" owner="checkout_keyword">
<kw name="Page Should Contain Element" owner="SeleniumLibrary">
<msg time="2025-03-30T22:47:03.093004" level="INFO">Current page contains element 'xpath://h2[normalize-space()='Thank you for your order!']'.</msg>
<arg>${CONFIRMATION_MESSAGE_LOCATOR}</arg>
<doc>Verifies that element ``locator`` is found on the current page.</doc>
<status status="PASS" start="2025-03-30T22:47:03.085758" elapsed="0.007246"/>
</kw>
<status status="PASS" start="2025-03-30T22:47:03.085758" elapsed="0.008366"/>
</kw>
<status status="PASS" start="2025-03-30T22:46:58.385807" elapsed="4.708317"/>
</test>
<doc>Checkout process test suite</doc>
<meta name="Author">Kawtar KHOUMRI</meta>
<status status="PASS" start="2025-03-30T22:46:58.184858" elapsed="4.909775"/>
</suite>
<suite id="s1-s2" name="Failed Login Tests" source="C:\Users\49176\PycharmProjects\AutomationProject\SpriteCloudAssignment\tests\ui_tests\failed_login_tests.robot">
<test id="s1-s2-t1" name="TC01:Login with locked out user" line="9">
<kw name="User is in the login page" owner="failed_login_keyword">
<kw name="Evaluate" owner="BuiltIn">
<msg time="2025-03-30T22:47:03.101286" level="INFO">${OPTIONS} = &lt;selenium.webdriver.chrome.options.Options object at 0x00000121F63D2C20&gt;</msg>
<var>${OPTIONS}</var>
<arg>selenium.webdriver.chrome.options.Options()</arg>
<arg>modules=selenium</arg>
<doc>Evaluates the given expression in Python and returns the result.</doc>
<status status="PASS" start="2025-03-30T22:47:03.101286" elapsed="0.000522"/>
</kw>
<kw name="Call Method" owner="BuiltIn">
<arg>${options}</arg>
<arg>add_argument</arg>
<arg>--headless</arg>
<doc>Calls the named method of the given object with the provided arguments.</doc>
<status status="PASS" start="2025-03-30T22:47:03.101808" elapsed="0.000000"/>
</kw>
<kw name="Call Method" owner="BuiltIn">
<arg>${options}</arg>
<arg>add_argument</arg>
<arg>--disable-gpu</arg>
<doc>Calls the named method of the given object with the provided arguments.</doc>
<status status="PASS" start="2025-03-30T22:47:03.101808" elapsed="0.000000"/>
</kw>
<kw name="Create Webdriver" owner="SeleniumLibrary">
<msg time="2025-03-30T22:47:03.102327" level="INFO">Creating an instance of the Chrome WebDriver.</msg>
<arg>Chrome</arg>
<arg>options=${OPTIONS}</arg>
<doc>Creates an instance of Selenium WebDriver.</doc>
<status status="PASS" start="2025-03-30T22:47:03.101808" elapsed="1.509499"/>
</kw>
<kw name="Go To" owner="SeleniumLibrary">
<msg time="2025-03-30T22:47:04.612327" level="INFO">Opening url 'https://www.saucedemo.com'</msg>
<arg>${URL}</arg>
<doc>Navigates the current browser window to the provided ``url``.</doc>
<status status="PASS" start="2025-03-30T22:47:04.612327" elapsed="0.394478"/>
</kw>
<kw name="Maximize Browser Window" owner="SeleniumLibrary">
<doc>Maximizes current browser window.</doc>
<status status="PASS" start="2025-03-30T22:47:05.006805" elapsed="0.024379"/>
</kw>
<arg>${URL}</arg>
<status status="PASS" start="2025-03-30T22:47:03.101286" elapsed="1.930507"/>
</kw>
<kw name="The user enter the user name" owner="failed_login_keyword">
<kw name="Input Text" owner="SeleniumLibrary">
<msg time="2025-03-30T22:47:05.033872" level="INFO">Typing text 'locked_out_user' into text field 'xpath://input[@data-test='username']'.</msg>
<arg>${USER_NAME_LOCATOR}</arg>
<arg>${USER_NAME}</arg>
<doc>Types the given ``text`` into the text field identified by ``locator``.</doc>
<status status="PASS" start="2025-03-30T22:47:05.033236" elapsed="0.104988"/>
</kw>
<arg>${LOCKEDOUT_USER}</arg>
<status status="PASS" start="2025-03-30T22:47:05.032204" elapsed="0.108279"/>
</kw>
<kw name="The User enter the password" owner="failed_login_keyword">
<kw name="Input Text" owner="SeleniumLibrary">
<msg time="2025-03-30T22:47:05.141666" level="INFO">Typing text 'secret_sauce' into text field 'xpath://input[@data-test='password']'.</msg>
<arg>${PASSWORD_LOCATOR}</arg>
<arg>${PASSWORD}</arg>
<doc>Types the given ``text`` into the text field identified by ``locator``.</doc>
<status status="PASS" start="2025-03-30T22:47:05.140483" elapsed="0.068889"/>
</kw>
<arg>${Password}</arg>
<status status="PASS" start="2025-03-30T22:47:05.140483" elapsed="0.068889"/>
</kw>
<kw name="The user submmit the login form" owner="failed_login_keyword">
<kw name="Click Element" owner="SeleniumLibrary">
<msg time="2025-03-30T22:47:05.210506" level="INFO">Clicking element 'xpath://input[@data-test= 'login-button']'.</msg>
<arg>${LOGIN_BUTTON_LOCATOR}</arg>
<doc>Click the element identified by ``locator``.</doc>
<status status="PASS" start="2025-03-30T22:47:05.210506" elapsed="0.049672"/>
</kw>
<status status="PASS" start="2025-03-30T22:47:05.209372" elapsed="0.050806"/>
</kw>
<kw name="The locked out error message should be displayed" owner="failed_login_keyword">
<kw name="Element Text Should Be" owner="SeleniumLibrary">
<msg time="2025-03-30T22:47:05.262621" level="INFO">Verifying element 'xpath://h3[@data-test='error']' contains exact text 'Epic sadface: Sorry, this user has been locked out.'.</msg>
<arg>${LOGIN_ERROR_MESSAGE_LOCATOR}</arg>
<arg>${LOCKEDOUT_MESSAGE}</arg>
<doc>Verifies that element ``locator`` contains exact the text ``expected``.</doc>
<status status="PASS" start="2025-03-30T22:47:05.260178" elapsed="0.019189"/>
</kw>
<status status="PASS" start="2025-03-30T22:47:05.260178" elapsed="0.019189"/>
</kw>
<status status="PASS" start="2025-03-30T22:47:03.100067" elapsed="2.179300"/>
</test>
<test id="s1-s2-t2" name="TC02:Login with invalid username" line="17">
<kw name="User is in the login page" owner="failed_login_keyword">
<kw name="Evaluate" owner="BuiltIn">
<msg time="2025-03-30T22:47:05.281375" level="INFO">${OPTIONS} = &lt;selenium.webdriver.chrome.options.Options object at 0x00000121F63F11B0&gt;</msg>
<var>${OPTIONS}</var>
<arg>selenium.webdriver.chrome.options.Options()</arg>
<arg>modules=selenium</arg>
<doc>Evaluates the given expression in Python and returns the result.</doc>
<status status="PASS" start="2025-03-30T22:47:05.280371" elapsed="0.001004"/>
</kw>
<kw name="Call Method" owner="BuiltIn">
<arg>${options}</arg>
<arg>add_argument</arg>
<arg>--headless</arg>
<doc>Calls the named method of the given object with the provided arguments.</doc>
<status status="PASS" start="2025-03-30T22:47:05.281375" elapsed="0.000000"/>
</kw>
<kw name="Call Method" owner="BuiltIn">
<arg>${options}</arg>
<arg>add_argument</arg>
<arg>--disable-gpu</arg>
<doc>Calls the named method of the given object with the provided arguments.</doc>
<status status="PASS" start="2025-03-30T22:47:05.281375" elapsed="0.000000"/>
</kw>
<kw name="Create Webdriver" owner="SeleniumLibrary">
<msg time="2025-03-30T22:47:05.281375" level="INFO">Creating an instance of the Chrome WebDriver.</msg>
<arg>Chrome</arg>
<arg>options=${OPTIONS}</arg>
<doc>Creates an instance of Selenium WebDriver.</doc>
<status status="PASS" start="2025-03-30T22:47:05.281375" elapsed="1.633867"/>
</kw>
<kw name="Go To" owner="SeleniumLibrary">
<msg time="2025-03-30T22:47:06.915242" level="INFO">Opening url 'https://www.saucedemo.com'</msg>
<arg>${URL}</arg>
<doc>Navigates the current browser window to the provided ``url``.</doc>
<status status="PASS" start="2025-03-30T22:47:06.915242" elapsed="0.290810"/>
</kw>
<kw name="Maximize Browser Window" owner="SeleniumLibrary">
<doc>Maximizes current browser window.</doc>
<status status="PASS" start="2025-03-30T22:47:07.206052" elapsed="0.028297"/>
</kw>
<arg>${URL}</arg>
<status status="PASS" start="2025-03-30T22:47:05.280371" elapsed="1.953978"/>
</kw>
<kw name="The user enter the user name" owner="failed_login_keyword">
<kw name="Input Text" owner="SeleniumLibrary">
<msg time="2025-03-30T22:47:07.234349" level="INFO">Typing text 'wronguserName7*' into text field 'xpath://input[@data-test='username']'.</msg>
<arg>${USER_NAME_LOCATOR}</arg>
<arg>${USER_NAME}</arg>
<doc>Types the given ``text`` into the text field identified by ``locator``.</doc>
<status status="PASS" start="2025-03-30T22:47:07.234349" elapsed="0.117161"/>
</kw>
<arg>${WRONG_USERNAME}</arg>
<status status="PASS" start="2025-03-30T22:47:07.234349" elapsed="0.118730"/>
</kw>
<kw name="The User enter the password" owner="failed_login_keyword">
<kw name="Input Text" owner="SeleniumLibrary">
<msg time="2025-03-30T22:47:07.354276" level="INFO">Typing text 'secret_sauce' into text field 'xpath://input[@data-test='password']'.</msg>
<arg>${PASSWORD_LOCATOR}</arg>
<arg>${PASSWORD}</arg>
<doc>Types the given ``text`` into the text field identified by ``locator``.</doc>
<status status="PASS" start="2025-03-30T22:47:07.354276" elapsed="0.068582"/>
</kw>
<arg>${PASSWORD}</arg>
<status status="PASS" start="2025-03-30T22:47:07.353079" elapsed="0.069779"/>
</kw>
<kw name="The user submmit the login form" owner="failed_login_keyword">
<kw name="Click Element" owner="SeleniumLibrary">
<msg time="2025-03-30T22:47:07.425065" level="INFO">Clicking element 'xpath://input[@data-test= 'login-button']'.</msg>
<arg>${LOGIN_BUTTON_LOCATOR}</arg>
<doc>Click the element identified by ``locator``.</doc>
<status status="PASS" start="2025-03-30T22:47:07.424059" elapsed="0.057023"/>
</kw>
<status status="PASS" start="2025-03-30T22:47:07.422858" elapsed="0.058224"/>
</kw>
<kw name="The login error message should be displayed" owner="failed_login_keyword">
<kw name="Element Text Should Be" owner="SeleniumLibrary">
<msg time="2025-03-30T22:47:07.481082" level="INFO">Verifying element 'xpath://h3[@data-test='error']' contains exact text 'Epic sadface: Username and password do not match any user in this service'.</msg>
<arg>${LOGIN_ERROR_MESSAGE_LOCATOR}</arg>
<arg>${LOGIN_ERROR_MESSAGE}</arg>
<doc>Verifies that element ``locator`` contains exact the text ``expected``.</doc>
<status status="PASS" start="2025-03-30T22:47:07.481082" elapsed="0.017308"/>
</kw>
<status status="PASS" start="2025-03-30T22:47:07.481082" elapsed="0.017308"/>
</kw>
<status status="PASS" start="2025-03-30T22:47:05.280371" elapsed="2.219024"/>
</test>
<test id="s1-s2-t3" name="TC03:Login with invalid password" line="24">
<kw name="User is in the login page" owner="failed_login_keyword">
<kw name="Evaluate" owner="BuiltIn">
<msg time="2025-03-30T22:47:07.500759" level="INFO">${OPTIONS} = &lt;selenium.webdriver.chrome.options.Options object at 0x00000121F63F1630&gt;</msg>
<var>${OPTIONS}</var>
<arg>selenium.webdriver.chrome.options.Options()</arg>
<arg>modules=selenium</arg>
<doc>Evaluates the given expression in Python and returns the result.</doc>
<status status="PASS" start="2025-03-30T22:47:07.499395" elapsed="0.001364"/>
</kw>
<kw name="Call Method" owner="BuiltIn">
<arg>${options}</arg>
<arg>add_argument</arg>
<arg>--headless</arg>
<doc>Calls the named method of the given object with the provided arguments.</doc>
<status status="PASS" start="2025-03-30T22:47:07.500759" elapsed="0.000000"/>
</kw>
<kw name="Call Method" owner="BuiltIn">
<arg>${options}</arg>
<arg>add_argument</arg>
<arg>--disable-gpu</arg>
<doc>Calls the named method of the given object with the provided arguments.</doc>
<status status="PASS" start="2025-03-30T22:47:07.500759" elapsed="0.000000"/>
</kw>
<kw name="Create Webdriver" owner="SeleniumLibrary">
<msg time="2025-03-30T22:47:07.500759" level="INFO">Creating an instance of the Chrome WebDriver.</msg>
<arg>Chrome</arg>
<arg>options=${OPTIONS}</arg>
<doc>Creates an instance of Selenium WebDriver.</doc>
<status status="PASS" start="2025-03-30T22:47:07.500759" elapsed="1.528825"/>
</kw>
<kw name="Go To" owner="SeleniumLibrary">
<msg time="2025-03-30T22:47:09.029584" level="INFO">Opening url 'https://www.saucedemo.com'</msg>
<arg>${URL}</arg>
<doc>Navigates the current browser window to the provided ``url``.</doc>
<status status="PASS" start="2025-03-30T22:47:09.029584" elapsed="0.293192"/>
</kw>
<kw name="Maximize Browser Window" owner="SeleniumLibrary">
<doc>Maximizes current browser window.</doc>
<status status="PASS" start="2025-03-30T22:47:09.322776" elapsed="0.020471"/>
</kw>
<arg>${URL}</arg>
<status status="PASS" start="2025-03-30T22:47:07.499395" elapsed="1.843852"/>
</kw>
<kw name="The user enter the user name" owner="failed_login_keyword">
<kw name="Input Text" owner="SeleniumLibrary">
<msg time="2025-03-30T22:47:09.344343" level="INFO">Typing text 'standard_user' into text field 'xpath://input[@data-test='username']'.</msg>
<arg>${USER_NAME_LOCATOR}</arg>
<arg>${USER_NAME}</arg>
<doc>Types the given ``text`` into the text field identified by ``locator``.</doc>
<status status="PASS" start="2025-03-30T22:47:09.344343" elapsed="0.090171"/>
</kw>
<arg>${USER_NAME}</arg>
<status status="PASS" start="2025-03-30T22:47:09.343247" elapsed="0.091267"/>
</kw>
<kw name="The User enter the password" owner="failed_login_keyword">
<kw name="Input Text" owner="SeleniumLibrary">
<msg time="2025-03-30T22:47:09.435527" level="INFO">Typing text 'WrongPassword' into text field 'xpath://input[@data-test='password']'.</msg>
<arg>${PASSWORD_LOCATOR}</arg>
<arg>${PASSWORD}</arg>
<doc>Types the given ``text`` into the text field identified by ``locator``.</doc>
<status status="PASS" start="2025-03-30T22:47:09.435527" elapsed="0.095937"/>
</kw>
<arg>${WRONG_PASSWORD}</arg>
<status status="PASS" start="2025-03-30T22:47:09.434514" elapsed="0.098039"/>
</kw>
<kw name="The user submmit the login form" owner="failed_login_keyword">
<kw name="Click Element" owner="SeleniumLibrary">
<msg time="2025-03-30T22:47:09.532553" level="INFO">Clicking element 'xpath://input[@data-test= 'login-button']'.</msg>
<arg>${LOGIN_BUTTON_LOCATOR}</arg>
<doc>Click the element identified by ``locator``.</doc>
<status status="PASS" start="2025-03-30T22:47:09.532553" elapsed="0.064194"/>
</kw>
<status status="PASS" start="2025-03-30T22:47:09.532553" elapsed="0.064194"/>
</kw>
<kw name="The login error message should be displayed" owner="failed_login_keyword">
<kw name="Element Text Should Be" owner="SeleniumLibrary">
<msg time="2025-03-30T22:47:09.596747" level="INFO">Verifying element 'xpath://h3[@data-test='error']' contains exact text 'Epic sadface: Username and password do not match any user in this service'.</msg>
<arg>${LOGIN_ERROR_MESSAGE_LOCATOR}</arg>
<arg>${LOGIN_ERROR_MESSAGE}</arg>
<doc>Verifies that element ``locator`` contains exact the text ``expected``.</doc>
<status status="PASS" start="2025-03-30T22:47:09.596747" elapsed="0.026272"/>
</kw>
<status status="PASS" start="2025-03-30T22:47:09.596747" elapsed="0.026272"/>
</kw>
<status status="PASS" start="2025-03-30T22:47:07.499395" elapsed="2.123624"/>
</test>
<test id="s1-s2-t4" name="TC04:Login with missing username" line="31">
<kw name="User is in the login page" owner="failed_login_keyword">
<kw name="Evaluate" owner="BuiltIn">
<msg time="2025-03-30T22:47:09.625345" level="INFO">${OPTIONS} = &lt;selenium.webdriver.chrome.options.Options object at 0x00000121F63F2D40&gt;</msg>
<var>${OPTIONS}</var>
<arg>selenium.webdriver.chrome.options.Options()</arg>
<arg>modules=selenium</arg>
<doc>Evaluates the given expression in Python and returns the result.</doc>
<status status="PASS" start="2025-03-30T22:47:09.625345" elapsed="0.000000"/>
</kw>
<kw name="Call Method" owner="BuiltIn">
<arg>${options}</arg>
<arg>add_argument</arg>
<arg>--headless</arg>
<doc>Calls the named method of the given object with the provided arguments.</doc>
<status status="PASS" start="2025-03-30T22:47:09.625345" elapsed="0.000000"/>
</kw>
<kw name="Call Method" owner="BuiltIn">
<arg>${options}</arg>
<arg>add_argument</arg>
<arg>--disable-gpu</arg>
<doc>Calls the named method of the given object with the provided arguments.</doc>
<status status="PASS" start="2025-03-30T22:47:09.626345" elapsed="0.000000"/>
</kw>
<kw name="Create Webdriver" owner="SeleniumLibrary">
<msg time="2025-03-30T22:47:09.626345" level="INFO">Creating an instance of the Chrome WebDriver.</msg>
<arg>Chrome</arg>
<arg>options=${OPTIONS}</arg>
<doc>Creates an instance of Selenium WebDriver.</doc>
<status status="PASS" start="2025-03-30T22:47:09.626345" elapsed="1.620679"/>
</kw>
<kw name="Go To" owner="SeleniumLibrary">
<msg time="2025-03-30T22:47:11.248037" level="INFO">Opening url 'https://www.saucedemo.com'</msg>
<arg>${URL}</arg>
<doc>Navigates the current browser window to the provided ``url``.</doc>
<status status="PASS" start="2025-03-30T22:47:11.248037" elapsed="0.320359"/>
</kw>
<kw name="Maximize Browser Window" owner="SeleniumLibrary">
<doc>Maximizes current browser window.</doc>
<status status="PASS" start="2025-03-30T22:47:11.568396" elapsed="0.058650"/>
</kw>
<arg>${URL}</arg>
<status status="PASS" start="2025-03-30T22:47:09.624345" elapsed="2.003847"/>
</kw>
<kw name="The User enter the password" owner="failed_login_keyword">
<kw name="Input Text" owner="SeleniumLibrary">
<msg time="2025-03-30T22:47:11.629462" level="INFO">Typing text 'WrongPassword' into text field 'xpath://input[@data-test='password']'.</msg>
<arg>${PASSWORD_LOCATOR}</arg>
<arg>${PASSWORD}</arg>
<doc>Types the given ``text`` into the text field identified by ``locator``.</doc>
<status status="PASS" start="2025-03-30T22:47:11.628192" elapsed="0.172513"/>
</kw>
<arg>${WRONG_PASSWORD}</arg>
<status status="PASS" start="2025-03-30T22:47:11.628192" elapsed="0.172513"/>
</kw>
<kw name="The user submmit the login form" owner="failed_login_keyword">
<kw name="Click Element" owner="SeleniumLibrary">
<msg time="2025-03-30T22:47:11.802707" level="INFO">Clicking element 'xpath://input[@data-test= 'login-button']'.</msg>
<arg>${LOGIN_BUTTON_LOCATOR}</arg>
<doc>Click the element identified by ``locator``.</doc>
<status status="PASS" start="2025-03-30T22:47:11.801707" elapsed="0.087436"/>
</kw>
<status status="PASS" start="2025-03-30T22:47:11.801707" elapsed="0.087436"/>
</kw>
<kw name="The user name missing error message should be displayed" owner="failed_login_keyword">
<kw name="Element Text Should Be" owner="SeleniumLibrary">
<msg time="2025-03-30T22:47:11.892146" level="INFO">Verifying element 'xpath://h3[@data-test='error']' contains exact text 'Epic sadface: Username is required'.</msg>
<arg>${LOGIN_ERROR_MESSAGE_LOCATOR}</arg>
<arg>${MISSING_USERNAME_MESSAGE}</arg>
<doc>Verifies that element ``locator`` contains exact the text ``expected``.</doc>
<status status="PASS" start="2025-03-30T22:47:11.891145" elapsed="0.026861"/>
</kw>
<status status="PASS" start="2025-03-30T22:47:11.891145" elapsed="0.026861"/>
</kw>
<status status="PASS" start="2025-03-30T22:47:09.624345" elapsed="2.294675"/>
</test>
<test id="s1-s2-t5" name="TC05:Login with missing password" line="37">
<kw name="User is in the login page" owner="failed_login_keyword">
<kw name="Evaluate" owner="BuiltIn">
<msg time="2025-03-30T22:47:11.923196" level="INFO">${OPTIONS} = &lt;selenium.webdriver.chrome.options.Options object at 0x00000121F6400B20&gt;</msg>
<var>${OPTIONS}</var>
<arg>selenium.webdriver.chrome.options.Options()</arg>
<arg>modules=selenium</arg>
<doc>Evaluates the given expression in Python and returns the result.</doc>
<status status="PASS" start="2025-03-30T22:47:11.922196" elapsed="0.001000"/>
</kw>
<kw name="Call Method" owner="BuiltIn">
<arg>${options}</arg>
<arg>add_argument</arg>
<arg>--headless</arg>
<doc>Calls the named method of the given object with the provided arguments.</doc>
<status status="PASS" start="2025-03-30T22:47:11.923196" elapsed="0.000000"/>
</kw>
<kw name="Call Method" owner="BuiltIn">
<arg>${options}</arg>
<arg>add_argument</arg>
<arg>--disable-gpu</arg>
<doc>Calls the named method of the given object with the provided arguments.</doc>
<status status="PASS" start="2025-03-30T22:47:11.923196" elapsed="0.001000"/>
</kw>
<kw name="Create Webdriver" owner="SeleniumLibrary">
<msg time="2025-03-30T22:47:11.924196" level="INFO">Creating an instance of the Chrome WebDriver.</msg>
<arg>Chrome</arg>
<arg>options=${OPTIONS}</arg>
<doc>Creates an instance of Selenium WebDriver.</doc>
<status status="PASS" start="2025-03-30T22:47:11.924196" elapsed="2.660870"/>
</kw>
<kw name="Go To" owner="SeleniumLibrary">
<msg time="2025-03-30T22:47:14.586069" level="INFO">Opening url 'https://www.saucedemo.com'</msg>
<arg>${URL}</arg>
<doc>Navigates the current browser window to the provided ``url``.</doc>
<status status="PASS" start="2025-03-30T22:47:14.585066" elapsed="0.153919"/>
</kw>
<kw name="Maximize Browser Window" owner="SeleniumLibrary">
<doc>Maximizes current browser window.</doc>
<status status="PASS" start="2025-03-30T22:47:14.740068" elapsed="0.286167"/>
</kw>
<arg>${URL}</arg>
<status status="PASS" start="2025-03-30T22:47:11.922196" elapsed="3.105052"/>
</kw>
<kw name="The user enter the user name" owner="failed_login_keyword">
<kw name="Input Text" owner="SeleniumLibrary">
<msg time="2025-03-30T22:47:15.028251" level="INFO">Typing text 'standard_user' into text field 'xpath://input[@data-test='username']'.</msg>
<arg>${USER_NAME_LOCATOR}</arg>
<arg>${USER_NAME}</arg>
<doc>Types the given ``text`` into the text field identified by ``locator``.</doc>
<status status="PASS" start="2025-03-30T22:47:15.028251" elapsed="0.363884"/>
</kw>
<arg>${USER_NAME}</arg>
<status status="PASS" start="2025-03-30T22:47:15.027248" elapsed="0.364887"/>
</kw>
<kw name="The user submmit the login form" owner="failed_login_keyword">
<kw name="Click Element" owner="SeleniumLibrary">
<msg time="2025-03-30T22:47:15.393141" level="INFO">Clicking element 'xpath://input[@data-test= 'login-button']'.</msg>
<arg>${LOGIN_BUTTON_LOCATOR}</arg>
<doc>Click the element identified by ``locator``.</doc>
<status status="PASS" start="2025-03-30T22:47:15.393141" elapsed="0.063813"/>
</kw>
<status status="PASS" start="2025-03-30T22:47:15.392135" elapsed="0.064819"/>
</kw>
<kw name="The password missing error message should be displayed" owner="failed_login_keyword">
<kw name="Element Text Should Be" owner="SeleniumLibrary">
<msg time="2025-03-30T22:47:15.458243" level="INFO">Verifying element 'xpath://h3[@data-test='error']' contains exact text 'Epic sadface: Password is required'.</msg>
<arg>${LOGIN_ERROR_MESSAGE_LOCATOR}</arg>
<arg>${MISSING_PASSWORD_MESSAGE}</arg>
<doc>Verifies that element ``locator`` contains exact the text ``expected``.</doc>
<status status="PASS" start="2025-03-30T22:47:15.456954" elapsed="0.023624"/>
</kw>
<status status="PASS" start="2025-03-30T22:47:15.456954" elapsed="0.023624"/>
</kw>
<status status="PASS" start="2025-03-30T22:47:11.919020" elapsed="3.562629"/>
</test>
<doc>Failed log in test suite</doc>
<meta name="Author">Kawtar KHOUMRI</meta>
<status status="PASS" start="2025-03-30T22:47:03.094633" elapsed="12.387016"/>
</suite>
<suite id="s1-s3" name="Sort Items Tests" source="C:\Users\49176\PycharmProjects\AutomationProject\SpriteCloudAssignment\tests\ui_tests\sort_items_tests.robot">
<test id="s1-s3-t1" name="TC01: Sort items by nsmes from z-a" line="11">
<kw name="User is in the login page" owner="failed_login_keyword">
<kw name="Evaluate" owner="BuiltIn">
<msg time="2025-03-30T22:47:15.503680" level="INFO">${OPTIONS} = &lt;selenium.webdriver.chrome.options.Options object at 0x00000121F6403FA0&gt;</msg>
<var>${OPTIONS}</var>
<arg>selenium.webdriver.chrome.options.Options()</arg>
<arg>modules=selenium</arg>
<doc>Evaluates the given expression in Python and returns the result.</doc>
<status status="PASS" start="2025-03-30T22:47:15.503680" elapsed="0.000000"/>
</kw>
<kw name="Call Method" owner="BuiltIn">
<arg>${options}</arg>
<arg>add_argument</arg>
<arg>--headless</arg>
<doc>Calls the named method of the given object with the provided arguments.</doc>
<status status="PASS" start="2025-03-30T22:47:15.503680" elapsed="0.000000"/>
</kw>
<kw name="Call Method" owner="BuiltIn">
<arg>${options}</arg>
<arg>add_argument</arg>
<arg>--disable-gpu</arg>
<doc>Calls the named method of the given object with the provided arguments.</doc>
<status status="PASS" start="2025-03-30T22:47:15.503680" elapsed="0.000000"/>
</kw>
<kw name="Create Webdriver" owner="SeleniumLibrary">
<msg time="2025-03-30T22:47:15.503680" level="INFO">Creating an instance of the Chrome WebDriver.</msg>
<arg>Chrome</arg>
<arg>options=${OPTIONS}</arg>
<doc>Creates an instance of Selenium WebDriver.</doc>
<status status="PASS" start="2025-03-30T22:47:15.503680" elapsed="2.199365"/>
</kw>
<kw name="Go To" owner="SeleniumLibrary">
<msg time="2025-03-30T22:47:17.704183" level="INFO">Opening url 'https://www.saucedemo.com'</msg>
<arg>${URL}</arg>
<doc>Navigates the current browser window to the provided ``url``.</doc>
<status status="PASS" start="2025-03-30T22:47:17.703045" elapsed="0.341873"/>
</kw>
<kw name="Maximize Browser Window" owner="SeleniumLibrary">
<doc>Maximizes current browser window.</doc>
<status status="PASS" start="2025-03-30T22:47:18.044918" elapsed="0.022861"/>
</kw>
<arg>${URL}</arg>
<status status="PASS" start="2025-03-30T22:47:15.503680" elapsed="2.564099"/>
</kw>
<kw name="The user enter the user name" owner="failed_login_keyword">
<kw name="Input Text" owner="SeleniumLibrary">
<msg time="2025-03-30T22:47:18.067779" level="INFO">Typing text 'standard_user' into text field 'xpath://input[@data-test='username']'.</msg>
<arg>${USER_NAME_LOCATOR}</arg>
<arg>${USER_NAME}</arg>
<doc>Types the given ``text`` into the text field identified by ``locator``.</doc>
<status status="PASS" start="2025-03-30T22:47:18.067779" elapsed="0.324830"/>
</kw>
<arg>${USER_NAME}</arg>
<status status="PASS" start="2025-03-30T22:47:18.067779" elapsed="0.324830"/>
</kw>
<kw name="The User enter the password" owner="failed_login_keyword">
<kw name="Input Text" owner="SeleniumLibrary">
<msg time="2025-03-30T22:47:18.393925" level="INFO">Typing text 'secret_sauce' into text field 'xpath://input[@data-test='password']'.</msg>
<arg>${PASSWORD_LOCATOR}</arg>
<arg>${PASSWORD}</arg>
<doc>Types the given ``text`` into the text field identified by ``locator``.</doc>
<status status="PASS" start="2025-03-30T22:47:18.393925" elapsed="0.088515"/>
</kw>
<arg>${PASSWORD}</arg>
<status status="PASS" start="2025-03-30T22:47:18.393925" elapsed="0.088515"/>
</kw>
<kw name="The user submmit the login form" owner="failed_login_keyword">
<kw name="Click Element" owner="SeleniumLibrary">
<msg time="2025-03-30T22:47:18.483540" level="INFO">Clicking element 'xpath://input[@data-test= 'login-button']'.</msg>
<arg>${LOGIN_BUTTON_LOCATOR}</arg>
<doc>Click the element identified by ``locator``.</doc>
<status status="PASS" start="2025-03-30T22:47:18.483540" elapsed="0.098448"/>
</kw>
<status status="PASS" start="2025-03-30T22:47:18.482440" elapsed="0.099548"/>
</kw>
<kw name="The user is in the home page" owner="checkout_keyword">
<kw name="Page Should Contain Element" owner="SeleniumLibrary">
<msg time="2025-03-30T22:47:18.599224" level="INFO">Current page contains element 'xpath://div[@data-test='inventory-list']//div[1]//div[2]//div[2]'.</msg>
<arg>${SWAGLABS_LOCATOR}</arg>
<doc>Verifies that element ``locator`` is found on the current page.</doc>
<status status="PASS" start="2025-03-30T22:47:18.583988" elapsed="0.015236"/>
</kw>
<status status="PASS" start="2025-03-30T22:47:18.583988" elapsed="0.015236"/>
</kw>
<kw name="The user select from list" owner="sort_items_keyword">
<kw name="Select From List By Value" owner="SeleniumLibrary">
<msg time="2025-03-30T22:47:18.600647" level="INFO">Selecting options from selection list 'xpath://select[@data-test='product-sort-container']' by value za.</msg>
<arg>${SELECT_LIST_LOCATOR}</arg>
<arg>${SORT_BY_NAME_Z}</arg>
<doc>Selects options from selection list ``locator`` by ``values``.</doc>
<status status="PASS" start="2025-03-30T22:47:18.600647" elapsed="0.067633"/>
</kw>
<arg>${SORT_BY_NAME_Z}</arg>
<status status="PASS" start="2025-03-30T22:47:18.599224" elapsed="0.069056"/>
</kw>
<kw name="The items should be sorted" owner="sort_items_keyword">
<kw name="Wait Until Element Is Visible" owner="SeleniumLibrary">
<arg>${product_locator}</arg>
<doc>Waits until the element ``locator`` is visible.</doc>
<status status="PASS" start="2025-03-30T22:47:18.669392" elapsed="0.026462"/>
</kw>
<kw name="Get WebElements" owner="SeleniumLibrary">
<msg time="2025-03-30T22:47:18.703854" level="INFO">${products_list} = [&lt;selenium.webdriver.remote.webelement.WebElement (session="7efda9a570dcb2403cc03bdb188a79bf", element="f.36FF3041B268FD7A0D98C1B94448DFB8.d.09649418795D5A588E3FDA1A829C1B2C.e.44")&gt;, &lt;selenium.webdriv...</msg>
<var>${products_list}</var>
<arg>${product_locator}</arg>
<doc>Returns a list of WebElement objects matching the ``locator``.</doc>
<status status="PASS" start="2025-03-30T22:47:18.695854" elapsed="0.008000"/>
</kw>
<kw name="Create List" owner="BuiltIn">
<msg time="2025-03-30T22:47:18.703854" level="INFO">${product_names} = []</msg>
<var>${product_names}</var>
<doc>Returns a list containing given items.</doc>
<status status="PASS" start="2025-03-30T22:47:18.703854" elapsed="0.000000"/>
</kw>
<for flavor="IN">
<iter>
<kw name="Get Text" owner="SeleniumLibrary">
<msg time="2025-03-30T22:47:18.716681" level="INFO">${product_title} = Test.allTheThings() T-Shirt (Red)</msg>
<var>${product_title}</var>
<arg>${product}</arg>
<doc>Returns the text value of the element identified by ``locator``.</doc>
<status status="PASS" start="2025-03-30T22:47:18.704883" elapsed="0.011798"/>
</kw>
<kw name="Append To List" owner="Collections">
<arg>${product_names}</arg>
<arg>${product_title}</arg>
<doc>Adds ``values`` to the end of ``list``.</doc>
<status status="PASS" start="2025-03-30T22:47:18.716681" elapsed="0.000000"/>
</kw>
<var name="${product}">&lt;selenium.webdriver.remote.webelement.WebElement (session="7efda9a570dcb2403cc03bdb188a79bf", element="f.36FF3041B268FD7A0D98C1B94448DFB8.d.09649418795D5A588E3FDA1A829C1B2C.e.44")&gt;</var>
<status status="PASS" start="2025-03-30T22:47:18.704883" elapsed="0.011798"/>
</iter>
<iter>
<kw name="Get Text" owner="SeleniumLibrary">
<msg time="2025-03-30T22:47:18.722886" level="INFO">${product_title} = Sauce Labs Onesie</msg>
<var>${product_title}</var>
<arg>${product}</arg>
<doc>Returns the text value of the element identified by ``locator``.</doc>
<status status="PASS" start="2025-03-30T22:47:18.716681" elapsed="0.006205"/>
</kw>
<kw name="Append To List" owner="Collections">
<arg>${product_names}</arg>
<arg>${product_title}</arg>
<doc>Adds ``values`` to the end of ``list``.</doc>
<status status="PASS" start="2025-03-30T22:47:18.724019" elapsed="0.000000"/>
</kw>
<var name="${product}">&lt;selenium.webdriver.remote.webelement.WebElement (session="7efda9a570dcb2403cc03bdb188a79bf", element="f.36FF3041B268FD7A0D98C1B94448DFB8.d.09649418795D5A588E3FDA1A829C1B2C.e.45")&gt;</var>
<status status="PASS" start="2025-03-30T22:47:18.716681" elapsed="0.007338"/>
</iter>
<iter>
<kw name="Get Text" owner="SeleniumLibrary">
<msg time="2025-03-30T22:47:18.731051" level="INFO">${product_title} = Sauce Labs Fleece Jacket</msg>
<var>${product_title}</var>
<arg>${product}</arg>
<doc>Returns the text value of the element identified by ``locator``.</doc>
<status status="PASS" start="2025-03-30T22:47:18.724019" elapsed="0.007032"/>
</kw>
<kw name="Append To List" owner="Collections">
<arg>${product_names}</arg>
<arg>${product_title}</arg>
<doc>Adds ``values`` to the end of ``list``.</doc>
<status status="PASS" start="2025-03-30T22:47:18.731051" elapsed="0.000000"/>
</kw>
<var name="${product}">&lt;selenium.webdriver.remote.webelement.WebElement (session="7efda9a570dcb2403cc03bdb188a79bf", element="f.36FF3041B268FD7A0D98C1B94448DFB8.d.09649418795D5A588E3FDA1A829C1B2C.e.46")&gt;</var>
<status status="PASS" start="2025-03-30T22:47:18.724019" elapsed="0.007032"/>
</iter>
<iter>
<kw name="Get Text" owner="SeleniumLibrary">
<msg time="2025-03-30T22:47:18.739491" level="INFO">${product_title} = Sauce Labs Bolt T-Shirt</msg>
<var>${product_title}</var>
<arg>${product}</arg>
<doc>Returns the text value of the element identified by ``locator``.</doc>
<status status="PASS" start="2025-03-30T22:47:18.732058" elapsed="0.008870"/>
</kw>
<kw name="Append To List" owner="Collections">
<arg>${product_names}</arg>
<arg>${product_title}</arg>
<doc>Adds ``values`` to the end of ``list``.</doc>
<status status="PASS" start="2025-03-30T22:47:18.740928" elapsed="0.000000"/>
</kw>
<var name="${product}">&lt;selenium.webdriver.remote.webelement.WebElement (session="7efda9a570dcb2403cc03bdb188a79bf", element="f.36FF3041B268FD7A0D98C1B94448DFB8.d.09649418795D5A588E3FDA1A829C1B2C.e.47")&gt;</var>
<status status="PASS" start="2025-03-30T22:47:18.732058" elapsed="0.008870"/>
</iter>
<iter>
<kw name="Get Text" owner="SeleniumLibrary">
<msg time="2025-03-30T22:47:18.751445" level="INFO">${product_title} = Sauce Labs Bike Light</msg>
<var>${product_title}</var>
<arg>${product}</arg>
<doc>Returns the text value of the element identified by ``locator``.</doc>
<status status="PASS" start="2025-03-30T22:47:18.740928" elapsed="0.010517"/>
</kw>
<kw name="Append To List" owner="Collections">
<arg>${product_names}</arg>
<arg>${product_title}</arg>
<doc>Adds ``values`` to the end of ``list``.</doc>
<status status="PASS" start="2025-03-30T22:47:18.751445" elapsed="0.001000"/>
</kw>
<var name="${product}">&lt;selenium.webdriver.remote.webelement.WebElement (session="7efda9a570dcb2403cc03bdb188a79bf", element="f.36FF3041B268FD7A0D98C1B94448DFB8.d.09649418795D5A588E3FDA1A829C1B2C.e.48")&gt;</var>
<status status="PASS" start="2025-03-30T22:47:18.740928" elapsed="0.011517"/>
</iter>
<iter>
<kw name="Get Text" owner="SeleniumLibrary">
<msg time="2025-03-30T22:47:18.760353" level="INFO">${product_title} = Sauce Labs Backpack</msg>
<var>${product_title}</var>
<arg>${product}</arg>
<doc>Returns the text value of the element identified by ``locator``.</doc>
<status status="PASS" start="2025-03-30T22:47:18.752445" elapsed="0.007908"/>
</kw>
<kw name="Append To List" owner="Collections">
<arg>${product_names}</arg>
<arg>${product_title}</arg>
<doc>Adds ``values`` to the end of ``list``.</doc>
<status status="PASS" start="2025-03-30T22:47:18.760353" elapsed="0.000000"/>
</kw>
<var name="${product}">&lt;selenium.webdriver.remote.webelement.WebElement (session="7efda9a570dcb2403cc03bdb188a79bf", element="f.36FF3041B268FD7A0D98C1B94448DFB8.d.09649418795D5A588E3FDA1A829C1B2C.e.49")&gt;</var>
<status status="PASS" start="2025-03-30T22:47:18.752445" elapsed="0.007908"/>
</iter>
<var>${product}</var>
<value>@{products_list}</value>
<status status="PASS" start="2025-03-30T22:47:18.704883" elapsed="0.055470"/>
</for>
<kw name="Copy List" owner="Collections">
<msg time="2025-03-30T22:47:18.761369" level="INFO">${sorted_products_name} = ['Test.allTheThings() T-Shirt (Red)', 'Sauce Labs Onesie', 'Sauce Labs Fleece Jacket', 'Sauce Labs Bolt T-Shirt', 'Sauce Labs Bike Light', 'Sauce Labs Backpack']</msg>
<var>${sorted_products_name}</var>
<arg>${product_names}</arg>
<doc>Returns a copy of the given list.</doc>
<status status="PASS" start="2025-03-30T22:47:18.761369" elapsed="0.000000"/>
</kw>
<kw name="Evaluate" owner="BuiltIn">
<msg time="2025-03-30T22:47:18.761369" level="INFO">${sorted_products_name} = ['Test.allTheThings() T-Shirt (Red)', 'Sauce Labs Onesie', 'Sauce Labs Fleece Jacket', 'Sauce Labs Bolt T-Shirt', 'Sauce Labs Bike Light', 'Sauce Labs Backpack']</msg>
<var>${sorted_products_name}</var>
<arg>sorted(${product_names}, reverse=True)</arg>
<doc>Evaluates the given expression in Python and returns the result.</doc>
<status status="PASS" start="2025-03-30T22:47:18.761369" elapsed="0.000000"/>
</kw>
<kw name="Should Be Equal" owner="BuiltIn">
<arg>${sorted_products_name}</arg>
<arg>${product_names}</arg>
<doc>Fails if the given objects are unequal.</doc>
<status status="PASS" start="2025-03-30T22:47:18.761369" elapsed="0.001063"/>
</kw>
<status status="PASS" start="2025-03-30T22:47:18.669392" elapsed="0.093040"/>
</kw>
<status status="PASS" start="2025-03-30T22:47:15.503680" elapsed="3.258752"/>
</test>
<doc>Sorts the items by name Z-A and validate that the sorting is correct</doc>
<meta name="Author">Kawtar KHOUMRI</meta>
<status status="PASS" start="2025-03-30T22:47:15.483069" elapsed="3.279363"/>
</suite>
<status status="PASS" start="2025-03-30T22:46:58.170774" elapsed="20.592660"/>
</suite>
<statistics>
<total>
<stat pass="7" fail="0" skip="0">All Tests</stat>
</total>
<tag>
</tag>
<suite>
<stat name="Ui Tests" id="s1" pass="7" fail="0" skip="0">Ui Tests</stat>
<stat name="Checkout Tests" id="s1-s1" pass="1" fail="0" skip="0">Ui Tests.Checkout Tests</stat>
<stat name="Failed Login Tests" id="s1-s2" pass="5" fail="0" skip="0">Ui Tests.Failed Login Tests</stat>
<stat name="Sort Items Tests" id="s1-s3" pass="1" fail="0" skip="0">Ui Tests.Sort Items Tests</stat>
</suite>
</statistics>
<errors>
</errors>
</robot>
