<?xml version="1.0" encoding="UTF-8"?>
<robot generator="Robot 7.2.2 (Python 3.10.1 on win32)" generated="2025-03-30T18:37:48.081605" rpa="false" schemaversion="5">
<suite id="s1" name="Ui Tests" source="C:\Users\49176\PycharmProjects\AutomationProject\SpriteCloudAssignment\tests\ui_tests">
<suite id="s1-s1" name="Checkout Tests" source="C:\Users\49176\PycharmProjects\AutomationProject\SpriteCloudAssignment\tests\ui_tests\checkout_tests.robot">
<test id="s1-s1-t1" name="TC01:Valid checkout" line="10">
<kw name="User is in the login page" owner="failed_login_keyword">
<kw name="Open Browser" owner="SeleniumLibrary">
<msg time="2025-03-30T18:37:48.279759" level="INFO">Opening browser 'Chrome' to base url 'https://www.saucedemo.com'.</msg>
<arg>${URL}</arg>
<arg>Chrome</arg>
<doc>Opens a new browser instance to the optional ``url``.</doc>
<status status="PASS" start="2025-03-30T18:37:48.279759" elapsed="2.083288"/>
</kw>
<kw name="Maximize Browser Window" owner="SeleniumLibrary">
<doc>Maximizes current browser window.</doc>
<status status="PASS" start="2025-03-30T18:37:50.363047" elapsed="0.034184"/>
</kw>
<arg>${URL}</arg>
<status status="PASS" start="2025-03-30T18:37:48.277391" elapsed="2.119840"/>
</kw>
<kw name="The user enter the user name" owner="failed_login_keyword">
<kw name="Input Text" owner="SeleniumLibrary">
<msg time="2025-03-30T18:37:50.399434" level="INFO">Typing text 'standard_user' into text field 'xpath://input[@data-test='username']'.</msg>
<arg>${USER_NAME_LOCATOR}</arg>
<arg>${USER_NAME}</arg>
<doc>Types the given ``text`` into the text field identified by ``locator``.</doc>
<status status="PASS" start="2025-03-30T18:37:50.398236" elapsed="0.102446"/>
</kw>
<arg>${USER_NAME}</arg>
<status status="PASS" start="2025-03-30T18:37:50.398236" elapsed="0.102446"/>
</kw>
<kw name="The User enter the password" owner="failed_login_keyword">
<kw name="Input Text" owner="SeleniumLibrary">
<msg time="2025-03-30T18:37:50.500682" level="INFO">Typing text 'secret_sauce' into text field 'xpath://input[@data-test='password']'.</msg>
<arg>${PASSWORD_LOCATOR}</arg>
<arg>${PASSWORD}</arg>
<doc>Types the given ``text`` into the text field identified by ``locator``.</doc>
<status status="PASS" start="2025-03-30T18:37:50.500682" elapsed="0.057431"/>
</kw>
<arg>${PASSWORD}</arg>
<status status="PASS" start="2025-03-30T18:37:50.500682" elapsed="0.057431"/>
</kw>
<kw name="The user submmit the login form" owner="failed_login_keyword">
<kw name="Click Element" owner="SeleniumLibrary">
<msg time="2025-03-30T18:37:50.558113" level="INFO">Clicking element 'xpath://input[@data-test= 'login-button']'.</msg>
<arg>${LOGIN_BUTTON_LOCATOR}</arg>
<doc>Click the element identified by ``locator``.</doc>
<status status="PASS" start="2025-03-30T18:37:50.558113" elapsed="0.067126"/>
</kw>
<status status="PASS" start="2025-03-30T18:37:50.558113" elapsed="0.067126"/>
</kw>
<kw name="The user is in the home page" owner="checkout_keyword">
<kw name="Page Should Contain Element" owner="SeleniumLibrary">
<msg time="2025-03-30T18:37:50.635215" level="INFO">Current page contains element 'xpath://div[@data-test='inventory-list']//div[1]//div[2]//div[2]'.</msg>
<arg>${SWAGLABS_LOCATOR}</arg>
<doc>Verifies that element ``locator`` is found on the current page.</doc>
<status status="PASS" start="2025-03-30T18:37:50.627174" elapsed="0.008041"/>
</kw>
<status status="PASS" start="2025-03-30T18:37:50.625239" elapsed="0.009976"/>
</kw>
<kw name="The user add the products to the cart" owner="checkout_keyword">
<kw name="Get WebElements" owner="SeleniumLibrary">
<msg time="2025-03-30T18:37:50.649938" level="INFO">${products_list} = [&lt;selenium.webdriver.remote.webelement.WebElement (session="55115bd54d606c8a47da86de8a7b2745", element="f.56587BC324B3CA90CAB28BC0F87B9552.d.B43BCC2715738CBEF72DDA7FBB196B34.e.24")&gt;, &lt;selenium.webdriv...</msg>
<var>${products_list}</var>
<arg>${PRODUCT_LOCATOR}</arg>
<doc>Returns a list of WebElement objects matching the ``locator``.</doc>
<status status="PASS" start="2025-03-30T18:37:50.635215" elapsed="0.014723"/>
</kw>
<for flavor="IN">
<iter>
<kw name="Get Text" owner="SeleniumLibrary">
<msg time="2025-03-30T18:37:50.665040" level="INFO">${product_title} = Sauce Labs Backpack</msg>
<var>${product_title}</var>
<arg>${product}</arg>
<doc>Returns the text value of the element identified by ``locator``.</doc>
<status status="PASS" start="2025-03-30T18:37:50.651086" elapsed="0.016599"/>
</kw>
<kw name="Evaluate" owner="BuiltIn">
<msg time="2025-03-30T18:37:50.668192" level="INFO">${add_cart_locator} = xpath://button[contains(@data-test, 'add-to-cart-sauce-labs-backpack')]</msg>
<var>${add_cart_locator}</var>
<arg>"${CART_BUTTONS_LOCATOR}".format("add-to-cart-${product_title.lower().replace(' ', '-')}")</arg>
<doc>Evaluates the given expression in Python and returns the result.</doc>
<status status="PASS" start="2025-03-30T18:37:50.667685" elapsed="0.000507"/>
</kw>
<kw name="Run Keyword If" owner="BuiltIn">
<arg>'${product_title}' == '${PRODUCT_NUMBER1}'</arg>
<arg>Click Element</arg>
<arg>${add_cart_locator}</arg>
<doc>Runs the given keyword with the given arguments, if ``condition`` is true.</doc>
<status status="PASS" start="2025-03-30T18:37:50.668192" elapsed="0.000000"/>
</kw>
<kw name="Run Keyword If" owner="BuiltIn">
<kw name="Click Element" owner="SeleniumLibrary">
<msg time="2025-03-30T18:37:50.668192" level="INFO">Clicking element 'xpath://button[contains(@data-test, 'add-to-cart-sauce-labs-backpack')]'.</msg>
<arg>${add_cart_locator}</arg>
<doc>Click the element identified by ``locator``.</doc>
<status status="PASS" start="2025-03-30T18:37:50.668192" elapsed="0.045400"/>
</kw>
<arg>'${product_title}' == '${PRODUCT_NUMBER2}'</arg>
<arg>Click Element</arg>
<arg>${add_cart_locator}</arg>
<doc>Runs the given keyword with the given arguments, if ``condition`` is true.</doc>
<status status="PASS" start="2025-03-30T18:37:50.668192" elapsed="0.045400"/>
</kw>
<var name="${product}">&lt;selenium.webdriver.remote.webelement.WebElement (session="55115bd54d606c8a47da86de8a7b2745", element="f.56587BC324B3CA90CAB28BC0F87B9552.d.B43BCC2715738CBEF72DDA7FBB196B34.e.24")&gt;</var>
<status status="PASS" start="2025-03-30T18:37:50.649938" elapsed="0.063654"/>
</iter>
<iter>
<kw name="Get Text" owner="SeleniumLibrary">
<msg time="2025-03-30T18:37:50.720048" level="INFO">${product_title} = Sauce Labs Bike Light</msg>
<var>${product_title}</var>
<arg>${product}</arg>
<doc>Returns the text value of the element identified by ``locator``.</doc>
<status status="PASS" start="2025-03-30T18:37:50.713592" elapsed="0.006456"/>
</kw>
<kw name="Evaluate" owner="BuiltIn">
<msg time="2025-03-30T18:37:50.721083" level="INFO">${add_cart_locator} = xpath://button[contains(@data-test, 'add-to-cart-sauce-labs-bike-light')]</msg>
<var>${add_cart_locator}</var>
<arg>"${CART_BUTTONS_LOCATOR}".format("add-to-cart-${product_title.lower().replace(' ', '-')}")</arg>
<doc>Evaluates the given expression in Python and returns the result.</doc>
<status status="PASS" start="2025-03-30T18:37:50.720048" elapsed="0.001035"/>
</kw>
<kw name="Run Keyword If" owner="BuiltIn">
<kw name="Click Element" owner="SeleniumLibrary">
<msg time="2025-03-30T18:37:50.721590" level="INFO">Clicking element 'xpath://button[contains(@data-test, 'add-to-cart-sauce-labs-bike-light')]'.</msg>
<arg>${add_cart_locator}</arg>
<doc>Click the element identified by ``locator``.</doc>
<status status="PASS" start="2025-03-30T18:37:50.721590" elapsed="0.047618"/>
</kw>
<arg>'${product_title}' == '${PRODUCT_NUMBER1}'</arg>
<arg>Click Element</arg>
<arg>${add_cart_locator}</arg>
<doc>Runs the given keyword with the given arguments, if ``condition`` is true.</doc>
<status status="PASS" start="2025-03-30T18:37:50.721083" elapsed="0.048125"/>
</kw>
<kw name="Run Keyword If" owner="BuiltIn">
<arg>'${product_title}' == '${PRODUCT_NUMBER2}'</arg>
<arg>Click Element</arg>
<arg>${add_cart_locator}</arg>
<doc>Runs the given keyword with the given arguments, if ``condition`` is true.</doc>
<status status="PASS" start="2025-03-30T18:37:50.769208" elapsed="0.000000"/>
</kw>
<var name="${product}">&lt;selenium.webdriver.remote.webelement.WebElement (session="55115bd54d606c8a47da86de8a7b2745", element="f.56587BC324B3CA90CAB28BC0F87B9552.d.B43BCC2715738CBEF72DDA7FBB196B34.e.25")&gt;</var>
<status status="PASS" start="2025-03-30T18:37:50.713592" elapsed="0.056948"/>
</iter>
<iter>
<kw name="Get Text" owner="SeleniumLibrary">
<msg time="2025-03-30T18:37:50.776591" level="INFO">${product_title} = Sauce Labs Bolt T-Shirt</msg>
<var>${product_title}</var>
<arg>${product}</arg>
<doc>Returns the text value of the element identified by ``locator``.</doc>
<status status="PASS" start="2025-03-30T18:37:50.770540" elapsed="0.006051"/>
</kw>
<kw name="Evaluate" owner="BuiltIn">
<msg time="2025-03-30T18:37:50.777599" level="INFO">${add_cart_locator} = xpath://button[contains(@data-test, 'add-to-cart-sauce-labs-bolt-t-shirt')]</msg>
<var>${add_cart_locator}</var>
<arg>"${CART_BUTTONS_LOCATOR}".format("add-to-cart-${product_title.lower().replace(' ', '-')}")</arg>
<doc>Evaluates the given expression in Python and returns the result.</doc>
<status status="PASS" start="2025-03-30T18:37:50.776591" elapsed="0.001008"/>
</kw>
<kw name="Run Keyword If" owner="BuiltIn">
<arg>'${product_title}' == '${PRODUCT_NUMBER1}'</arg>
<arg>Click Element</arg>
<arg>${add_cart_locator}</arg>
<doc>Runs the given keyword with the given arguments, if ``condition`` is true.</doc>
<status status="PASS" start="2025-03-30T18:37:50.777599" elapsed="0.000000"/>
</kw>
<kw name="Run Keyword If" owner="BuiltIn">
<arg>'${product_title}' == '${PRODUCT_NUMBER2}'</arg>
<arg>Click Element</arg>
<arg>${add_cart_locator}</arg>
<doc>Runs the given keyword with the given arguments, if ``condition`` is true.</doc>
<status status="PASS" start="2025-03-30T18:37:50.777599" elapsed="0.000000"/>
</kw>
<var name="${product}">&lt;selenium.webdriver.remote.webelement.WebElement (session="55115bd54d606c8a47da86de8a7b2745", element="f.56587BC324B3CA90CAB28BC0F87B9552.d.B43BCC2715738CBEF72DDA7FBB196B34.e.26")&gt;</var>
<status status="PASS" start="2025-03-30T18:37:50.770540" elapsed="0.007059"/>
</iter>
<iter>
<kw name="Get Text" owner="SeleniumLibrary">
<msg time="2025-03-30T18:37:50.782594" level="INFO">${product_title} = Sauce Labs Fleece Jacket</msg>
<var>${product_title}</var>
<arg>${product}</arg>
<doc>Returns the text value of the element identified by ``locator``.</doc>
<status status="PASS" start="2025-03-30T18:37:50.777599" elapsed="0.004995"/>
</kw>
<kw name="Evaluate" owner="BuiltIn">
<msg time="2025-03-30T18:37:50.783596" level="INFO">${add_cart_locator} = xpath://button[contains(@data-test, 'add-to-cart-sauce-labs-fleece-jacket')]</msg>
<var>${add_cart_locator}</var>
<arg>"${CART_BUTTONS_LOCATOR}".format("add-to-cart-${product_title.lower().replace(' ', '-')}")</arg>
<doc>Evaluates the given expression in Python and returns the result.</doc>
<status status="PASS" start="2025-03-30T18:37:50.782594" elapsed="0.001002"/>
</kw>
<kw name="Run Keyword If" owner="BuiltIn">
<arg>'${product_title}' == '${PRODUCT_NUMBER1}'</arg>
<arg>Click Element</arg>
<arg>${add_cart_locator}</arg>
<doc>Runs the given keyword with the given arguments, if ``condition`` is true.</doc>
<status status="PASS" start="2025-03-30T18:37:50.783596" elapsed="0.000000"/>
</kw>
<kw name="Run Keyword If" owner="BuiltIn">
<arg>'${product_title}' == '${PRODUCT_NUMBER2}'</arg>
<arg>Click Element</arg>
<arg>${add_cart_locator}</arg>
<doc>Runs the given keyword with the given arguments, if ``condition`` is true.</doc>
<status status="PASS" start="2025-03-30T18:37:50.783596" elapsed="0.000000"/>
</kw>
<var name="${product}">&lt;selenium.webdriver.remote.webelement.WebElement (session="55115bd54d606c8a47da86de8a7b2745", element="f.56587BC324B3CA90CAB28BC0F87B9552.d.B43BCC2715738CBEF72DDA7FBB196B34.e.27")&gt;</var>
<status status="PASS" start="2025-03-30T18:37:50.777599" elapsed="0.005997"/>
</iter>
<iter>
<kw name="Get Text" owner="SeleniumLibrary">
<msg time="2025-03-30T18:37:50.788340" level="INFO">${product_title} = Sauce Labs Onesie</msg>
<var>${product_title}</var>
<arg>${product}</arg>
<doc>Returns the text value of the element identified by ``locator``.</doc>
<status status="PASS" start="2025-03-30T18:37:50.784604" elapsed="0.003736"/>
</kw>
<kw name="Evaluate" owner="BuiltIn">
<msg time="2025-03-30T18:37:50.789345" level="INFO">${add_cart_locator} = xpath://button[contains(@data-test, 'add-to-cart-sauce-labs-onesie')]</msg>
<var>${add_cart_locator}</var>
<arg>"${CART_BUTTONS_LOCATOR}".format("add-to-cart-${product_title.lower().replace(' ', '-')}")</arg>
<doc>Evaluates the given expression in Python and returns the result.</doc>
<status status="PASS" start="2025-03-30T18:37:50.788340" elapsed="0.001005"/>
</kw>
<kw name="Run Keyword If" owner="BuiltIn">
<arg>'${product_title}' == '${PRODUCT_NUMBER1}'</arg>
<arg>Click Element</arg>
<arg>${add_cart_locator}</arg>
<doc>Runs the given keyword with the given arguments, if ``condition`` is true.</doc>
<status status="PASS" start="2025-03-30T18:37:50.789345" elapsed="0.000000"/>
</kw>
<kw name="Run Keyword If" owner="BuiltIn">
<arg>'${product_title}' == '${PRODUCT_NUMBER2}'</arg>
<arg>Click Element</arg>
<arg>${add_cart_locator}</arg>
<doc>Runs the given keyword with the given arguments, if ``condition`` is true.</doc>
<status status="PASS" start="2025-03-30T18:37:50.789345" elapsed="0.000000"/>
</kw>
<var name="${product}">&lt;selenium.webdriver.remote.webelement.WebElement (session="55115bd54d606c8a47da86de8a7b2745", element="f.56587BC324B3CA90CAB28BC0F87B9552.d.B43BCC2715738CBEF72DDA7FBB196B34.e.28")&gt;</var>
<status status="PASS" start="2025-03-30T18:37:50.783596" elapsed="0.005749"/>
</iter>
<iter>
<kw name="Get Text" owner="SeleniumLibrary">
<msg time="2025-03-30T18:37:50.794048" level="INFO">${product_title} = Test.allTheThings() T-Shirt (Red)</msg>
<var>${product_title}</var>
<arg>${product}</arg>
<doc>Returns the text value of the element identified by ``locator``.</doc>
<status status="PASS" start="2025-03-30T18:37:50.790343" elapsed="0.003705"/>
</kw>
<kw name="Evaluate" owner="BuiltIn">
<msg time="2025-03-30T18:37:50.795552" level="INFO">${add_cart_locator} = xpath://button[contains(@data-test, 'add-to-cart-test.allthethings()-t-shirt-(red)')]</msg>
<var>${add_cart_locator}</var>
<arg>"${CART_BUTTONS_LOCATOR}".format("add-to-cart-${product_title.lower().replace(' ', '-')}")</arg>
<doc>Evaluates the given expression in Python and returns the result.</doc>
<status status="PASS" start="2025-03-30T18:37:50.794048" elapsed="0.001504"/>
</kw>
<kw name="Run Keyword If" owner="BuiltIn">
<arg>'${product_title}' == '${PRODUCT_NUMBER1}'</arg>
<arg>Click Element</arg>
<arg>${add_cart_locator}</arg>
<doc>Runs the given keyword with the given arguments, if ``condition`` is true.</doc>
<status status="PASS" start="2025-03-30T18:37:50.795552" elapsed="0.000519"/>
</kw>
<kw name="Run Keyword If" owner="BuiltIn">
<arg>'${product_title}' == '${PRODUCT_NUMBER2}'</arg>
<arg>Click Element</arg>
<arg>${add_cart_locator}</arg>
<doc>Runs the given keyword with the given arguments, if ``condition`` is true.</doc>
<status status="PASS" start="2025-03-30T18:37:50.796071" elapsed="0.000000"/>
</kw>
<var name="${product}">&lt;selenium.webdriver.remote.webelement.WebElement (session="55115bd54d606c8a47da86de8a7b2745", element="f.56587BC324B3CA90CAB28BC0F87B9552.d.B43BCC2715738CBEF72DDA7FBB196B34.e.29")&gt;</var>
<status status="PASS" start="2025-03-30T18:37:50.789345" elapsed="0.006726"/>
</iter>
<var>${product}</var>
<value>@{products_list}</value>
<status status="PASS" start="2025-03-30T18:37:50.649938" elapsed="0.146133"/>
</for>
<for flavor="IN">
<iter>
<kw name="Get Text" owner="SeleniumLibrary">
<msg time="2025-03-30T18:37:50.800080" level="INFO">${product_title} = Sauce Labs Backpack</msg>
<var>${product_title}</var>
<arg>${product}</arg>
<doc>Returns the text value of the element identified by ``locator``.</doc>
<status status="PASS" start="2025-03-30T18:37:50.796071" elapsed="0.004009"/>
</kw>
<kw name="Evaluate" owner="BuiltIn">
<msg time="2025-03-30T18:37:50.801082" level="INFO">${remove_cart_locator} = xpath://button[contains(@data-test, 'remove-sauce-labs-backpack')]</msg>
<var>${remove_cart_locator}</var>
<arg>"${CART_BUTTONS_LOCATOR}".format("remove-${product_title.lower().replace(' ', '-')}")</arg>
<doc>Evaluates the given expression in Python and returns the result.</doc>
<status status="PASS" start="2025-03-30T18:37:50.801082" elapsed="0.000000"/>
</kw>
<kw name="Run Keyword If" owner="BuiltIn">
<arg>'${product_title}' == '${PRODUCT_NUMBER1}'</arg>
<arg>Element text should be</arg>
<arg>${remove_cart_locator}</arg>
<arg>Remove</arg>
<doc>Runs the given keyword with the given arguments, if ``condition`` is true.</doc>
<status status="PASS" start="2025-03-30T18:37:50.801082" elapsed="0.001007"/>
</kw>
<kw name="Run Keyword If" owner="BuiltIn">
<kw name="Element Text Should Be" owner="SeleniumLibrary">
<msg time="2025-03-30T18:37:50.802089" level="INFO">Verifying element 'xpath://button[contains(@data-test, 'remove-sauce-labs-backpack')]' contains exact text 'Remove'.</msg>
<arg>${remove_cart_locator}</arg>
<arg>Remove</arg>
<doc>Verifies that element ``locator`` contains exact the text ``expected``.</doc>
<status status="PASS" start="2025-03-30T18:37:50.802089" elapsed="0.012388"/>
</kw>
<arg>'${product_title}' == '${PRODUCT_NUMBER2}'</arg>
<arg>Element text should be</arg>
<arg>${remove_cart_locator}</arg>
<arg>Remove</arg>
<doc>Runs the given keyword with the given arguments, if ``condition`` is true.</doc>
<status status="PASS" start="2025-03-30T18:37:50.802089" elapsed="0.012388"/>
</kw>
<var name="${product}">&lt;selenium.webdriver.remote.webelement.WebElement (session="55115bd54d606c8a47da86de8a7b2745", element="f.56587BC324B3CA90CAB28BC0F87B9552.d.B43BCC2715738CBEF72DDA7FBB196B34.e.24")&gt;</var>
<status status="PASS" start="2025-03-30T18:37:50.796071" elapsed="0.018406"/>
</iter>
<iter>
<kw name="Get Text" owner="SeleniumLibrary">
<msg time="2025-03-30T18:37:50.819474" level="INFO">${product_title} = Sauce Labs Bike Light</msg>
<var>${product_title}</var>
<arg>${product}</arg>
<doc>Returns the text value of the element identified by ``locator``.</doc>
<status status="PASS" start="2025-03-30T18:37:50.815474" elapsed="0.004000"/>
</kw>
<kw name="Evaluate" owner="BuiltIn">
<msg time="2025-03-30T18:37:50.820476" level="INFO">${remove_cart_locator} = xpath://button[contains(@data-test, 'remove-sauce-labs-bike-light')]</msg>
<var>${remove_cart_locator}</var>
<arg>"${CART_BUTTONS_LOCATOR}".format("remove-${product_title.lower().replace(' ', '-')}")</arg>
<doc>Evaluates the given expression in Python and returns the result.</doc>
<status status="PASS" start="2025-03-30T18:37:50.819474" elapsed="0.001002"/>
</kw>
<kw name="Run Keyword If" owner="BuiltIn">
<kw name="Element Text Should Be" owner="SeleniumLibrary">
<msg time="2025-03-30T18:37:50.820476" level="INFO">Verifying element 'xpath://button[contains(@data-test, 'remove-sauce-labs-bike-light')]' contains exact text 'Remove'.</msg>
<arg>${remove_cart_locator}</arg>
<arg>Remove</arg>
<doc>Verifies that element ``locator`` contains exact the text ``expected``.</doc>
<status status="PASS" start="2025-03-30T18:37:50.820476" elapsed="0.010962"/>
</kw>
<arg>'${product_title}' == '${PRODUCT_NUMBER1}'</arg>
<arg>Element text should be</arg>
<arg>${remove_cart_locator}</arg>
<arg>Remove</arg>
<doc>Runs the given keyword with the given arguments, if ``condition`` is true.</doc>
<status status="PASS" start="2025-03-30T18:37:50.820476" elapsed="0.010962"/>
</kw>
<kw name="Run Keyword If" owner="BuiltIn">
<arg>'${product_title}' == '${PRODUCT_NUMBER2}'</arg>
<arg>Element text should be</arg>
<arg>${remove_cart_locator}</arg>
<arg>Remove</arg>
<doc>Runs the given keyword with the given arguments, if ``condition`` is true.</doc>
<status status="PASS" start="2025-03-30T18:37:50.831438" elapsed="0.001002"/>
</kw>
<var name="${product}">&lt;selenium.webdriver.remote.webelement.WebElement (session="55115bd54d606c8a47da86de8a7b2745", element="f.56587BC324B3CA90CAB28BC0F87B9552.d.B43BCC2715738CBEF72DDA7FBB196B34.e.25")&gt;</var>
<status status="PASS" start="2025-03-30T18:37:50.814477" elapsed="0.017963"/>
</iter>
<iter>
<kw name="Get Text" owner="SeleniumLibrary">
<msg time="2025-03-30T18:37:50.837550" level="INFO">${product_title} = Sauce Labs Bolt T-Shirt</msg>
<var>${product_title}</var>
<arg>${product}</arg>
<doc>Returns the text value of the element identified by ``locator``.</doc>
<status status="PASS" start="2025-03-30T18:37:50.832440" elapsed="0.005110"/>
</kw>
<kw name="Evaluate" owner="BuiltIn">
<msg time="2025-03-30T18:37:50.838057" level="INFO">${remove_cart_locator} = xpath://button[contains(@data-test, 'remove-sauce-labs-bolt-t-shirt')]</msg>
<var>${remove_cart_locator}</var>
<arg>"${CART_BUTTONS_LOCATOR}".format("remove-${product_title.lower().replace(' ', '-')}")</arg>
<doc>Evaluates the given expression in Python and returns the result.</doc>
<status status="PASS" start="2025-03-30T18:37:50.837550" elapsed="0.000507"/>
</kw>
<kw name="Run Keyword If" owner="BuiltIn">
<arg>'${product_title}' == '${PRODUCT_NUMBER1}'</arg>
<arg>Element text should be</arg>
<arg>${remove_cart_locator}</arg>
<arg>Remove</arg>
<doc>Runs the given keyword with the given arguments, if ``condition`` is true.</doc>
<status status="PASS" start="2025-03-30T18:37:50.838057" elapsed="0.000000"/>
</kw>
<kw name="Run Keyword If" owner="BuiltIn">
<arg>'${product_title}' == '${PRODUCT_NUMBER2}'</arg>
<arg>Element text should be</arg>
<arg>${remove_cart_locator}</arg>
<arg>Remove</arg>
<doc>Runs the given keyword with the given arguments, if ``condition`` is true.</doc>
<status status="PASS" start="2025-03-30T18:37:50.838057" elapsed="0.000000"/>
</kw>
<var name="${product}">&lt;selenium.webdriver.remote.webelement.WebElement (session="55115bd54d606c8a47da86de8a7b2745", element="f.56587BC324B3CA90CAB28BC0F87B9552.d.B43BCC2715738CBEF72DDA7FBB196B34.e.26")&gt;</var>
<status status="PASS" start="2025-03-30T18:37:50.832440" elapsed="0.005617"/>
</iter>
<iter>
<kw name="Get Text" owner="SeleniumLibrary">
<msg time="2025-03-30T18:37:50.841996" level="INFO">${product_title} = Sauce Labs Fleece Jacket</msg>
<var>${product_title}</var>
<arg>${product}</arg>
<doc>Returns the text value of the element identified by ``locator``.</doc>
<status status="PASS" start="2025-03-30T18:37:50.839396" elapsed="0.002600"/>
</kw>
<kw name="Evaluate" owner="BuiltIn">
<msg time="2025-03-30T18:37:50.841996" level="INFO">${remove_cart_locator} = xpath://button[contains(@data-test, 'remove-sauce-labs-fleece-jacket')]</msg>
<var>${remove_cart_locator}</var>
<arg>"${CART_BUTTONS_LOCATOR}".format("remove-${product_title.lower().replace(' ', '-')}")</arg>
<doc>Evaluates the given expression in Python and returns the result.</doc>
<status status="PASS" start="2025-03-30T18:37:50.841996" elapsed="0.000000"/>
</kw>
<kw name="Run Keyword If" owner="BuiltIn">
<arg>'${product_title}' == '${PRODUCT_NUMBER1}'</arg>
<arg>Element text should be</arg>
<arg>${remove_cart_locator}</arg>
<arg>Remove</arg>
<doc>Runs the given keyword with the given arguments, if ``condition`` is true.</doc>
<status status="PASS" start="2025-03-30T18:37:50.841996" elapsed="0.000000"/>
</kw>
<kw name="Run Keyword If" owner="BuiltIn">
<arg>'${product_title}' == '${PRODUCT_NUMBER2}'</arg>
<arg>Element text should be</arg>
<arg>${remove_cart_locator}</arg>
<arg>Remove</arg>
<doc>Runs the given keyword with the given arguments, if ``condition`` is true.</doc>
<status status="PASS" start="2025-03-30T18:37:50.841996" elapsed="0.000000"/>
</kw>
<var name="${product}">&lt;selenium.webdriver.remote.webelement.WebElement (session="55115bd54d606c8a47da86de8a7b2745", element="f.56587BC324B3CA90CAB28BC0F87B9552.d.B43BCC2715738CBEF72DDA7FBB196B34.e.27")&gt;</var>
<status status="PASS" start="2025-03-30T18:37:50.838057" elapsed="0.003939"/>
</iter>
<iter>
<kw name="Get Text" owner="SeleniumLibrary">
<msg time="2025-03-30T18:37:50.841996" level="INFO">${product_title} = Sauce Labs Onesie</msg>
<var>${product_title}</var>
<arg>${product}</arg>
<doc>Returns the text value of the element identified by ``locator``.</doc>
<status status="PASS" start="2025-03-30T18:37:50.841996" elapsed="0.000000"/>
</kw>
<kw name="Evaluate" owner="BuiltIn">
<msg time="2025-03-30T18:37:50.841996" level="INFO">${remove_cart_locator} = xpath://button[contains(@data-test, 'remove-sauce-labs-onesie')]</msg>
<var>${remove_cart_locator}</var>
<arg>"${CART_BUTTONS_LOCATOR}".format("remove-${product_title.lower().replace(' ', '-')}")</arg>
<doc>Evaluates the given expression in Python and returns the result.</doc>
<status status="PASS" start="2025-03-30T18:37:50.841996" elapsed="0.000000"/>
</kw>
<kw name="Run Keyword If" owner="BuiltIn">
<arg>'${product_title}' == '${PRODUCT_NUMBER1}'</arg>
<arg>Element text should be</arg>
<arg>${remove_cart_locator}</arg>
<arg>Remove</arg>
<doc>Runs the given keyword with the given arguments, if ``condition`` is true.</doc>
<status status="PASS" start="2025-03-30T18:37:50.841996" elapsed="0.000000"/>
</kw>
<kw name="Run Keyword If" owner="BuiltIn">
<arg>'${product_title}' == '${PRODUCT_NUMBER2}'</arg>
<arg>Element text should be</arg>
<arg>${remove_cart_locator}</arg>
<arg>Remove</arg>
<doc>Runs the given keyword with the given arguments, if ``condition`` is true.</doc>
<status status="PASS" start="2025-03-30T18:37:50.841996" elapsed="0.000000"/>
</kw>
<var name="${product}">&lt;selenium.webdriver.remote.webelement.WebElement (session="55115bd54d606c8a47da86de8a7b2745", element="f.56587BC324B3CA90CAB28BC0F87B9552.d.B43BCC2715738CBEF72DDA7FBB196B34.e.28")&gt;</var>
<status status="PASS" start="2025-03-30T18:37:50.841996" elapsed="0.000000"/>
</iter>
<iter>
<kw name="Get Text" owner="SeleniumLibrary">
<msg time="2025-03-30T18:37:50.841996" level="INFO">${product_title} = Test.allTheThings() T-Shirt (Red)</msg>
<var>${product_title}</var>
<arg>${product}</arg>
<doc>Returns the text value of the element identified by ``locator``.</doc>
<status status="PASS" start="2025-03-30T18:37:50.841996" elapsed="0.000000"/>
</kw>
<kw name="Evaluate" owner="BuiltIn">
<msg time="2025-03-30T18:37:50.858389" level="INFO">${remove_cart_locator} = xpath://button[contains(@data-test, 'remove-test.allthethings()-t-shirt-(red)')]</msg>
<var>${remove_cart_locator}</var>
<arg>"${CART_BUTTONS_LOCATOR}".format("remove-${product_title.lower().replace(' ', '-')}")</arg>
<doc>Evaluates the given expression in Python and returns the result.</doc>
<status status="PASS" start="2025-03-30T18:37:50.841996" elapsed="0.016393"/>
</kw>
<kw name="Run Keyword If" owner="BuiltIn">
<arg>'${product_title}' == '${PRODUCT_NUMBER1}'</arg>
<arg>Element text should be</arg>
<arg>${remove_cart_locator}</arg>
<arg>Remove</arg>
<doc>Runs the given keyword with the given arguments, if ``condition`` is true.</doc>
<status status="PASS" start="2025-03-30T18:37:50.858389" elapsed="0.000000"/>
</kw>
<kw name="Run Keyword If" owner="BuiltIn">
<arg>'${product_title}' == '${PRODUCT_NUMBER2}'</arg>
<arg>Element text should be</arg>
<arg>${remove_cart_locator}</arg>
<arg>Remove</arg>
<doc>Runs the given keyword with the given arguments, if ``condition`` is true.</doc>
<status status="PASS" start="2025-03-30T18:37:50.858389" elapsed="0.000000"/>
</kw>
<var name="${product}">&lt;selenium.webdriver.remote.webelement.WebElement (session="55115bd54d606c8a47da86de8a7b2745", element="f.56587BC324B3CA90CAB28BC0F87B9552.d.B43BCC2715738CBEF72DDA7FBB196B34.e.29")&gt;</var>
<status status="PASS" start="2025-03-30T18:37:50.841996" elapsed="0.016393"/>
</iter>
<var>${product}</var>
<value>@{products_list}</value>
<status status="PASS" start="2025-03-30T18:37:50.796071" elapsed="0.062318"/>
</for>
<arg>${PRODUCT_NUMBER1}</arg>
<arg>${PRODUCT_NUMBER2}</arg>
<status status="PASS" start="2025-03-30T18:37:50.635215" elapsed="0.223174"/>
</kw>
<kw name="The user verify the cart" owner="checkout_keyword">
<kw name="Click Element" owner="SeleniumLibrary">
<msg time="2025-03-30T18:37:50.858389" level="INFO">Clicking element 'xpath://a[@data-test='shopping-cart-link']'.</msg>
<arg>${SHOPPING_CART_ICON}</arg>
<doc>Click the element identified by ``locator``.</doc>
<status status="PASS" start="2025-03-30T18:37:50.858389" elapsed="0.039449"/>
</kw>
<kw name="Get WebElements" owner="SeleniumLibrary">
<msg time="2025-03-30T18:37:50.907483" level="INFO">${cart_Items} = [&lt;selenium.webdriver.remote.webelement.WebElement (session="55115bd54d606c8a47da86de8a7b2745", element="f.56587BC324B3CA90CAB28BC0F87B9552.d.B43BCC2715738CBEF72DDA7FBB196B34.e.47")&gt;, &lt;selenium.webdriv...</msg>
<var>${cart_Items}</var>
<arg>${INVENTORY_ITEM_NAME}</arg>
<doc>Returns a list of WebElement objects matching the ``locator``.</doc>
<status status="PASS" start="2025-03-30T18:37:50.898913" elapsed="0.008570"/>
</kw>
<kw name="Set Variable" owner="BuiltIn">
<msg time="2025-03-30T18:37:50.907991" level="INFO">${product1_found} = False</msg>
<var>${product1_found}</var>
<arg>False</arg>
<doc>Returns the given values which can then be assigned to a variables.</doc>
<status status="PASS" start="2025-03-30T18:37:50.907991" elapsed="0.000000"/>
</kw>
<kw name="Set Variable" owner="BuiltIn">
<msg time="2025-03-30T18:37:50.907991" level="INFO">${product2_found} = False</msg>
<var>${product2_found}</var>
<arg>False</arg>
<doc>Returns the given values which can then be assigned to a variables.</doc>
<status status="PASS" start="2025-03-30T18:37:50.907991" elapsed="0.000000"/>
</kw>
<for flavor="IN">
<iter>
<kw name="Get Text" owner="SeleniumLibrary">
<msg time="2025-03-30T18:37:50.913556" level="INFO">${item_name} = Sauce Labs Backpack</msg>
<var>${item_name}</var>
<arg>${item}</arg>
<doc>Returns the text value of the element identified by ``locator``.</doc>
<status status="PASS" start="2025-03-30T18:37:50.908506" elapsed="0.005050"/>
</kw>
<if>
<branch type="IF" condition="'${item_name}' == '${PRODUCT_NUMBER1}'">
<kw name="Set Variable" owner="BuiltIn">
<var>${product1_found}</var>
<arg>True</arg>
<doc>Returns the given values which can then be assigned to a variables.</doc>
<status status="NOT RUN" start="2025-03-30T18:37:50.913556" elapsed="0.000000"/>
</kw>
<status status="NOT RUN" start="2025-03-30T18:37:50.913556" elapsed="0.000000"/>
</branch>
<status status="PASS" start="2025-03-30T18:37:50.913556" elapsed="0.000000"/>
</if>
<if>
<branch type="IF" condition="'${item_name}' == '${PRODUCT_NUMBER2}'">
<kw name="Set Variable" owner="BuiltIn">
<msg time="2025-03-30T18:37:50.914569" level="INFO">${product2_found} = True</msg>
<var>${product2_found}</var>
<arg>True</arg>
<doc>Returns the given values which can then be assigned to a variables.</doc>
<status status="PASS" start="2025-03-30T18:37:50.914569" elapsed="0.000000"/>
</kw>
<status status="PASS" start="2025-03-30T18:37:50.913556" elapsed="0.001013"/>
</branch>
<status status="PASS" start="2025-03-30T18:37:50.913556" elapsed="0.001013"/>
</if>
<var name="${item}">&lt;selenium.webdriver.remote.webelement.WebElement (session="55115bd54d606c8a47da86de8a7b2745", element="f.56587BC324B3CA90CAB28BC0F87B9552.d.B43BCC2715738CBEF72DDA7FBB196B34.e.47")&gt;</var>
<status status="PASS" start="2025-03-30T18:37:50.908506" elapsed="0.006063"/>
</iter>
<iter>
<kw name="Get Text" owner="SeleniumLibrary">
<msg time="2025-03-30T18:37:50.919556" level="INFO">${item_name} = Sauce Labs Bike Light</msg>
<var>${item_name}</var>
<arg>${item}</arg>
<doc>Returns the text value of the element identified by ``locator``.</doc>
<status status="PASS" start="2025-03-30T18:37:50.914569" elapsed="0.004987"/>
</kw>
<if>
<branch type="IF" condition="'${item_name}' == '${PRODUCT_NUMBER1}'">
<kw name="Set Variable" owner="BuiltIn">
<msg time="2025-03-30T18:37:50.919556" level="INFO">${product1_found} = True</msg>
<var>${product1_found}</var>
<arg>True</arg>
<doc>Returns the given values which can then be assigned to a variables.</doc>
<status status="PASS" start="2025-03-30T18:37:50.919556" elapsed="0.000000"/>
</kw>
<status status="PASS" start="2025-03-30T18:37:50.919556" elapsed="0.000000"/>
</branch>
<status status="PASS" start="2025-03-30T18:37:50.919556" elapsed="0.000000"/>
</if>
<if>
<branch type="IF" condition="'${item_name}' == '${PRODUCT_NUMBER2}'">
<kw name="Set Variable" owner="BuiltIn">
<var>${product2_found}</var>
<arg>True</arg>
<doc>Returns the given values which can then be assigned to a variables.</doc>
<status status="NOT RUN" start="2025-03-30T18:37:50.920566" elapsed="0.000000"/>
</kw>
<status status="NOT RUN" start="2025-03-30T18:37:50.919556" elapsed="0.001010"/>
</branch>
<status status="PASS" start="2025-03-30T18:37:50.919556" elapsed="0.001010"/>
</if>
<var name="${item}">&lt;selenium.webdriver.remote.webelement.WebElement (session="55115bd54d606c8a47da86de8a7b2745", element="f.56587BC324B3CA90CAB28BC0F87B9552.d.B43BCC2715738CBEF72DDA7FBB196B34.e.48")&gt;</var>
<status status="PASS" start="2025-03-30T18:37:50.914569" elapsed="0.005997"/>
</iter>
<var>${item}</var>
<value>@{cart_items}</value>
<status status="PASS" start="2025-03-30T18:37:50.908506" elapsed="0.012060"/>
</for>
<kw name="Should Be True" owner="BuiltIn">
<arg>${product1_found}</arg>
<doc>Fails if the given condition is not true.</doc>
<status status="PASS" start="2025-03-30T18:37:50.920566" elapsed="0.000000"/>
</kw>
<kw name="Should Be True" owner="BuiltIn">
<arg>${product2_found}</arg>
<doc>Fails if the given condition is not true.</doc>
<status status="PASS" start="2025-03-30T18:37:50.920566" elapsed="0.000000"/>
</kw>
<arg>${PRODUCT_NUMBER1}</arg>
<arg>${PRODUCT_NUMBER2}</arg>
<status status="PASS" start="2025-03-30T18:37:50.858389" elapsed="0.062177"/>
</kw>
<kw name="The user click on checkout button" owner="checkout_keyword">
<kw name="Click Element" owner="SeleniumLibrary">
<msg time="2025-03-30T18:37:50.921556" level="INFO">Clicking element 'xpath://button[@data-test='checkout']'.</msg>
<arg>${checkout_button}</arg>
<doc>Click the element identified by ``locator``.</doc>
<status status="PASS" start="2025-03-30T18:37:50.921556" elapsed="0.041897"/>
</kw>
<status status="PASS" start="2025-03-30T18:37:50.921556" elapsed="0.041897"/>
</kw>
<kw name="The user enter the first name" owner="checkout_keyword">
<kw name="Input Text" owner="SeleniumLibrary">
<msg time="2025-03-30T18:37:50.964708" level="INFO">Typing text 'Kawtar' into text field 'xpath://input[@data-test='firstName']'.</msg>
<arg>${FIRST_NAME_LOCATOR}</arg>
<arg>${FIRST_NAME}</arg>
<doc>Types the given ``text`` into the text field identified by ``locator``.</doc>
<status status="PASS" start="2025-03-30T18:37:50.964708" elapsed="0.056121"/>
</kw>
<arg>${FIRST_NAME}</arg>
<status status="PASS" start="2025-03-30T18:37:50.963453" elapsed="0.057376"/>
</kw>
<kw name="The user enter the last name" owner="checkout_keyword">
<kw name="Input Text" owner="SeleniumLibrary">
<msg time="2025-03-30T18:37:51.022505" level="INFO">Typing text 'Khoumri' into text field 'xpath://input[@data-test='lastName']'.</msg>
<arg>${LAST_NAME_LOCATOR}</arg>
<arg>${LAST_NAME}</arg>
<doc>Types the given ``text`` into the text field identified by ``locator``.</doc>
<status status="PASS" start="2025-03-30T18:37:51.020829" elapsed="0.050129"/>
</kw>
<arg>${LAST_NAME}</arg>
<status status="PASS" start="2025-03-30T18:37:51.020829" elapsed="0.050129"/>
</kw>
<kw name="The user enter the zip or the postal code" owner="checkout_keyword">
<kw name="Input Text" owner="SeleniumLibrary">
<msg time="2025-03-30T18:37:51.072194" level="INFO">Typing text 'X16PX' into text field 'xpath://input[@data-test='postalCode']'.</msg>
<arg>${ZIP_CODE_LOCATOR}</arg>
<arg>${ZIP_CODE}</arg>
<doc>Types the given ``text`` into the text field identified by ``locator``.</doc>
<status status="PASS" start="2025-03-30T18:37:51.072194" elapsed="0.049586"/>
</kw>
<kw name="Click Element" owner="SeleniumLibrary">
<msg time="2025-03-30T18:37:51.122797" level="INFO">Clicking element 'xpath://input[@data-test= 'continue']'.</msg>
<arg>${CONTINUE_BUTTON_LOCATOR}</arg>
<doc>Click the element identified by ``locator``.</doc>
<status status="PASS" start="2025-03-30T18:37:51.121780" elapsed="0.044898"/>
</kw>
<arg>${ZIP_CODE}</arg>
<status status="PASS" start="2025-03-30T18:37:51.070958" elapsed="0.095720"/>
</kw>
<kw name="The user is in the Checkout overview page" owner="checkout_keyword">
<kw name="Element Text Should Be" owner="SeleniumLibrary">
<msg time="2025-03-30T18:37:51.167984" level="INFO">Verifying element 'xpath://span[@data-test='title']' contains exact text 'Checkout: Overview'.</msg>
<arg>${CHECKOUT_OVERVIEW_TITLE_LOCATOR}</arg>
<arg>Checkout: Overview</arg>
<doc>Verifies that element ``locator`` contains exact the text ``expected``.</doc>
<status status="PASS" start="2025-03-30T18:37:51.166678" elapsed="0.015584"/>
</kw>
<status status="PASS" start="2025-03-30T18:37:51.166678" elapsed="0.015584"/>
</kw>
<kw name="Check if the total price is equal to the items prices" owner="checkout_keyword">
<kw name="Get WebElements" owner="SeleniumLibrary">
<msg time="2025-03-30T18:37:51.189634" level="INFO">${items_prices} = [&lt;selenium.webdriver.remote.webelement.WebElement (session="55115bd54d606c8a47da86de8a7b2745", element="f.56587BC324B3CA90CAB28BC0F87B9552.d.B43BCC2715738CBEF72DDA7FBB196B34.e.69")&gt;, &lt;selenium.webdriv...</msg>
<var>${items_prices}</var>
<arg>${ITEMS_PRICE_LOCATOR}</arg>
<doc>Returns a list of WebElement objects matching the ``locator``.</doc>
<status status="PASS" start="2025-03-30T18:37:51.183293" elapsed="0.006341"/>
</kw>
<kw name="Set Variable" owner="BuiltIn">
<msg time="2025-03-30T18:37:51.189634" level="INFO">${total_items_price} = 0</msg>
<var>${total_items_price}</var>
<arg>0</arg>
<doc>Returns the given values which can then be assigned to a variables.</doc>
<status status="PASS" start="2025-03-30T18:37:51.189634" elapsed="0.000000"/>
</kw>
<for flavor="IN">
<iter>
<kw name="Get Text" owner="SeleniumLibrary">
<msg time="2025-03-30T18:37:51.194710" level="INFO">${item_price} = $29.99</msg>
<var>${item_price}</var>
<arg>${price}</arg>
<doc>Returns the text value of the element identified by ``locator``.</doc>
<status status="PASS" start="2025-03-30T18:37:51.190658" elapsed="0.004052"/>
</kw>
<kw name="Evaluate" owner="BuiltIn">
<msg time="2025-03-30T18:37:51.196601" level="INFO">${total_items_price} = 29.99</msg>
<var>${total_items_price}</var>
<arg>${total_items_price} + float(${item_price.replace('$', '')})</arg>
<doc>Evaluates the given expression in Python and returns the result.</doc>
<status status="PASS" start="2025-03-30T18:37:51.194710" elapsed="0.001891"/>
</kw>
<var name="${price}">&lt;selenium.webdriver.remote.webelement.WebElement (session="55115bd54d606c8a47da86de8a7b2745", element="f.56587BC324B3CA90CAB28BC0F87B9552.d.B43BCC2715738CBEF72DDA7FBB196B34.e.69")&gt;</var>
<status status="PASS" start="2025-03-30T18:37:51.190658" elapsed="0.005943"/>
</iter>
<iter>
<kw name="Get Text" owner="SeleniumLibrary">
<msg time="2025-03-30T18:37:51.200395" level="INFO">${item_price} = $9.99</msg>
<var>${item_price}</var>
<arg>${price}</arg>
<doc>Returns the text value of the element identified by ``locator``.</doc>
<status status="PASS" start="2025-03-30T18:37:51.196601" elapsed="0.003794"/>
</kw>
<kw name="Evaluate" owner="BuiltIn">
<msg time="2025-03-30T18:37:51.201817" level="INFO">${total_items_price} = 39.98</msg>
<var>${total_items_price}</var>
<arg>${total_items_price} + float(${item_price.replace('$', '')})</arg>
<doc>Evaluates the given expression in Python and returns the result.</doc>
<status status="PASS" start="2025-03-30T18:37:51.200395" elapsed="0.001422"/>
</kw>
<var name="${price}">&lt;selenium.webdriver.remote.webelement.WebElement (session="55115bd54d606c8a47da86de8a7b2745", element="f.56587BC324B3CA90CAB28BC0F87B9552.d.B43BCC2715738CBEF72DDA7FBB196B34.e.70")&gt;</var>
<status status="PASS" start="2025-03-30T18:37:51.196601" elapsed="0.005216"/>
</iter>
<var>${price}</var>
<value>@{items_prices}</value>
<status status="PASS" start="2025-03-30T18:37:51.189634" elapsed="0.012183"/>
</for>
<kw name="Get Text" owner="SeleniumLibrary">
<msg time="2025-03-30T18:37:51.212170" level="INFO">${total_price} = Item total: $39.98</msg>
<var>${total_price}</var>
<arg>${TOTAL_PRICE_LOCATOR}</arg>
<doc>Returns the text value of the element identified by ``locator``.</doc>
<status status="PASS" start="2025-03-30T18:37:51.202336" elapsed="0.009834"/>
</kw>
<kw name="Set Variable" owner="BuiltIn">
<msg time="2025-03-30T18:37:51.213640" level="INFO">${total_price} = 39.98</msg>
<var>${total_price}</var>
<arg>${total_price.replace('Item total: $', '')}</arg>
<doc>Returns the given values which can then be assigned to a variables.</doc>
<status status="PASS" start="2025-03-30T18:37:51.212170" elapsed="0.001470"/>
</kw>
<kw name="Should Be Equal As Numbers" owner="BuiltIn">
<msg time="2025-03-30T18:37:51.214160" level="INFO">Argument types are:
&lt;class 'float'&gt;
&lt;class 'str'&gt;</msg>
<arg>${total_items_price}</arg>
<arg>${total_price}</arg>
<doc>Fails if objects are unequal after converting them to real numbers.</doc>
<status status="PASS" start="2025-03-30T18:37:51.213640" elapsed="0.000520"/>
</kw>
<status status="PASS" start="2025-03-30T18:37:51.182262" elapsed="0.031898"/>
</kw>
<kw name="The user click on finish" owner="checkout_keyword">
<kw name="Click Element" owner="SeleniumLibrary">
<msg time="2025-03-30T18:37:51.214160" level="INFO">Clicking element 'xpath://button[@data-test='finish']'.</msg>
<arg>${FINISH_BUTTON_LOCATOR}</arg>
<doc>Click the element identified by ``locator``.</doc>
<status status="PASS" start="2025-03-30T18:37:51.214160" elapsed="0.039006"/>
</kw>
<status status="PASS" start="2025-03-30T18:37:51.214160" elapsed="0.039006"/>
</kw>
<kw name="The checkout is complete and the cart is empty" owner="checkout_keyword">
<kw name="Page Should Contain Element" owner="SeleniumLibrary">
<msg time="2025-03-30T18:37:51.262486" level="INFO">Current page contains element 'xpath://h2[normalize-space()='Thank you for your order!']'.</msg>
<arg>${CONFIRMATION_MESSAGE_LOCATOR}</arg>
<doc>Verifies that element ``locator`` is found on the current page.</doc>
<status status="PASS" start="2025-03-30T18:37:51.254488" elapsed="0.007998"/>
</kw>
<status status="PASS" start="2025-03-30T18:37:51.254488" elapsed="0.007998"/>
</kw>
<status status="PASS" start="2025-03-30T18:37:48.277391" elapsed="2.985095"/>
</test>
<doc>Checkout process test suite</doc>
<meta name="Author">Kawtar KHOUMRI</meta>
<status status="PASS" start="2025-03-30T18:37:48.096991" elapsed="3.166520"/>
</suite>
<suite id="s1-s2" name="Failed Login Tests" source="C:\Users\49176\PycharmProjects\AutomationProject\SpriteCloudAssignment\tests\ui_tests\failed_login_tests.robot">
<test id="s1-s2-t1" name="TC01:Login with locked out user" line="9">
<kw name="User is in the login page" owner="failed_login_keyword">
<kw name="Open Browser" owner="SeleniumLibrary">
<msg time="2025-03-30T18:37:51.269517" level="INFO">Opening browser 'Chrome' to base url 'https://www.saucedemo.com'.</msg>
<arg>${URL}</arg>
<arg>Chrome</arg>
<doc>Opens a new browser instance to the optional ``url``.</doc>
<status status="PASS" start="2025-03-30T18:37:51.269517" elapsed="1.929847"/>
</kw>
<kw name="Maximize Browser Window" owner="SeleniumLibrary">
<doc>Maximizes current browser window.</doc>
<status status="PASS" start="2025-03-30T18:37:53.199364" elapsed="0.023005"/>
</kw>
<arg>${URL}</arg>
<status status="PASS" start="2025-03-30T18:37:51.269517" elapsed="1.952852"/>
</kw>
<kw name="The user enter the user name" owner="failed_login_keyword">
<kw name="Input Text" owner="SeleniumLibrary">
<msg time="2025-03-30T18:37:53.223635" level="INFO">Typing text 'locked_out_user' into text field 'xpath://input[@data-test='username']'.</msg>
<arg>${USER_NAME_LOCATOR}</arg>
<arg>${USER_NAME}</arg>
<doc>Types the given ``text`` into the text field identified by ``locator``.</doc>
<status status="PASS" start="2025-03-30T18:37:53.223635" elapsed="0.114056"/>
</kw>
<arg>${LOCKEDOUT_USER}</arg>
<status status="PASS" start="2025-03-30T18:37:53.222369" elapsed="0.115322"/>
</kw>
<kw name="The User enter the password" owner="failed_login_keyword">
<kw name="Input Text" owner="SeleniumLibrary">
<msg time="2025-03-30T18:37:53.339045" level="INFO">Typing text 'secret_sauce' into text field 'xpath://input[@data-test='password']'.</msg>
<arg>${PASSWORD_LOCATOR}</arg>
<arg>${PASSWORD}</arg>
<doc>Types the given ``text`` into the text field identified by ``locator``.</doc>
<status status="PASS" start="2025-03-30T18:37:53.339045" elapsed="0.071947"/>
</kw>
<arg>${Password}</arg>
<status status="PASS" start="2025-03-30T18:37:53.337691" elapsed="0.073301"/>
</kw>
<kw name="The user submmit the login form" owner="failed_login_keyword">
<kw name="Click Element" owner="SeleniumLibrary">
<msg time="2025-03-30T18:37:53.413729" level="INFO">Clicking element 'xpath://input[@data-test= 'login-button']'.</msg>
<arg>${LOGIN_BUTTON_LOCATOR}</arg>
<doc>Click the element identified by ``locator``.</doc>
<status status="PASS" start="2025-03-30T18:37:53.413729" elapsed="0.055752"/>
</kw>
<status status="PASS" start="2025-03-30T18:37:53.412845" elapsed="0.056636"/>
</kw>
<kw name="The locked out error message should be displayed" owner="failed_login_keyword">
<kw name="Element Text Should Be" owner="SeleniumLibrary">
<msg time="2025-03-30T18:37:53.470857" level="INFO">Verifying element 'xpath://h3[@data-test='error']' contains exact text 'Epic sadface: Sorry, this user has been locked out.'.</msg>
<arg>${LOGIN_ERROR_MESSAGE_LOCATOR}</arg>
<arg>${LOCKEDOUT_MESSAGE}</arg>
<doc>Verifies that element ``locator`` contains exact the text ``expected``.</doc>
<status status="PASS" start="2025-03-30T18:37:53.469481" elapsed="0.019385"/>
</kw>
<status status="PASS" start="2025-03-30T18:37:53.469481" elapsed="0.020477"/>
</kw>
<status status="PASS" start="2025-03-30T18:37:51.269517" elapsed="2.220441"/>
</test>
<test id="s1-s2-t2" name="TC02:Login with invalid username" line="17">
<kw name="User is in the login page" owner="failed_login_keyword">
<kw name="Open Browser" owner="SeleniumLibrary">
<msg time="2025-03-30T18:37:53.491590" level="INFO">Opening browser 'Chrome' to base url 'https://www.saucedemo.com'.</msg>
<arg>${URL}</arg>
<arg>Chrome</arg>
<doc>Opens a new browser instance to the optional ``url``.</doc>
<status status="PASS" start="2025-03-30T18:37:53.491590" elapsed="1.914807"/>
</kw>
<kw name="Maximize Browser Window" owner="SeleniumLibrary">
<doc>Maximizes current browser window.</doc>
<status status="PASS" start="2025-03-30T18:37:55.406397" elapsed="0.025676"/>
</kw>
<arg>${URL}</arg>
<status status="PASS" start="2025-03-30T18:37:53.489958" elapsed="1.942115"/>
</kw>
<kw name="The user enter the user name" owner="failed_login_keyword">
<kw name="Input Text" owner="SeleniumLibrary">
<msg time="2025-03-30T18:37:55.443622" level="INFO">Typing text 'wronguserName7*' into text field 'xpath://input[@data-test='username']'.</msg>
<arg>${USER_NAME_LOCATOR}</arg>
<arg>${USER_NAME}</arg>
<doc>Types the given ``text`` into the text field identified by ``locator``.</doc>
<status status="PASS" start="2025-03-30T18:37:55.443622" elapsed="0.134324"/>
</kw>
<arg>${WRONG_USERNAME}</arg>
<status status="PASS" start="2025-03-30T18:37:55.443622" elapsed="0.134324"/>
</kw>
<kw name="The User enter the password" owner="failed_login_keyword">
<kw name="Input Text" owner="SeleniumLibrary">
<msg time="2025-03-30T18:37:55.577946" level="INFO">Typing text 'secret_sauce' into text field 'xpath://input[@data-test='password']'.</msg>
<arg>${PASSWORD_LOCATOR}</arg>
<arg>${PASSWORD}</arg>
<doc>Types the given ``text`` into the text field identified by ``locator``.</doc>
<status status="PASS" start="2025-03-30T18:37:55.577946" elapsed="0.091769"/>
</kw>
<arg>${PASSWORD}</arg>
<status status="PASS" start="2025-03-30T18:37:55.577946" elapsed="0.092438"/>
</kw>
<kw name="The user submmit the login form" owner="failed_login_keyword">
<kw name="Click Element" owner="SeleniumLibrary">
<msg time="2025-03-30T18:37:55.670384" level="INFO">Clicking element 'xpath://input[@data-test= 'login-button']'.</msg>
<arg>${LOGIN_BUTTON_LOCATOR}</arg>
<doc>Click the element identified by ``locator``.</doc>
<status status="PASS" start="2025-03-30T18:37:55.670384" elapsed="0.062956"/>
</kw>
<status status="PASS" start="2025-03-30T18:37:55.670384" elapsed="0.062956"/>
</kw>
<kw name="The login error message should be displayed" owner="failed_login_keyword">
<kw name="Element Text Should Be" owner="SeleniumLibrary">
<msg time="2025-03-30T18:37:55.733340" level="INFO">Verifying element 'xpath://h3[@data-test='error']' contains exact text 'Epic sadface: Username and password do not match any user in this service'.</msg>
<arg>${LOGIN_ERROR_MESSAGE_LOCATOR}</arg>
<arg>${LOGIN_ERROR_MESSAGE}</arg>
<doc>Verifies that element ``locator`` contains exact the text ``expected``.</doc>
<status status="PASS" start="2025-03-30T18:37:55.733340" elapsed="0.021667"/>
</kw>
<status status="PASS" start="2025-03-30T18:37:55.733340" elapsed="0.021667"/>
</kw>
<status status="PASS" start="2025-03-30T18:37:53.489958" elapsed="2.265049"/>
</test>
<test id="s1-s2-t3" name="TC03:Login with invalid password" line="24">
<kw name="User is in the login page" owner="failed_login_keyword">
<kw name="Open Browser" owner="SeleniumLibrary">
<msg time="2025-03-30T18:37:55.756056" level="INFO">Opening browser 'Chrome' to base url 'https://www.saucedemo.com'.</msg>
<arg>${URL}</arg>
<arg>Chrome</arg>
<doc>Opens a new browser instance to the optional ``url``.</doc>
<status status="PASS" start="2025-03-30T18:37:55.756056" elapsed="1.923086"/>
</kw>
<kw name="Maximize Browser Window" owner="SeleniumLibrary">
<doc>Maximizes current browser window.</doc>
<status status="PASS" start="2025-03-30T18:37:57.679142" elapsed="0.026999"/>
</kw>
<arg>${URL}</arg>
<status status="PASS" start="2025-03-30T18:37:55.756056" elapsed="1.950085"/>
</kw>
<kw name="The user enter the user name" owner="failed_login_keyword">
<kw name="Input Text" owner="SeleniumLibrary">
<msg time="2025-03-30T18:37:57.707503" level="INFO">Typing text 'standard_user' into text field 'xpath://input[@data-test='username']'.</msg>
<arg>${USER_NAME_LOCATOR}</arg>
<arg>${USER_NAME}</arg>
<doc>Types the given ``text`` into the text field identified by ``locator``.</doc>
<status status="PASS" start="2025-03-30T18:37:57.707503" elapsed="0.120120"/>
</kw>
<arg>${USER_NAME}</arg>
<status status="PASS" start="2025-03-30T18:37:57.707503" elapsed="0.120120"/>
</kw>
<kw name="The User enter the password" owner="failed_login_keyword">
<kw name="Input Text" owner="SeleniumLibrary">
<msg time="2025-03-30T18:37:57.830385" level="INFO">Typing text 'WrongPassword' into text field 'xpath://input[@data-test='password']'.</msg>
<arg>${PASSWORD_LOCATOR}</arg>
<arg>${PASSWORD}</arg>
<doc>Types the given ``text`` into the text field identified by ``locator``.</doc>
<status status="PASS" start="2025-03-30T18:37:57.829301" elapsed="0.075485"/>
</kw>
<arg>${WRONG_PASSWORD}</arg>
<status status="PASS" start="2025-03-30T18:37:57.829301" elapsed="0.075485"/>
</kw>
<kw name="The user submmit the login form" owner="failed_login_keyword">
<kw name="Click Element" owner="SeleniumLibrary">
<msg time="2025-03-30T18:37:57.907195" level="INFO">Clicking element 'xpath://input[@data-test= 'login-button']'.</msg>
<arg>${LOGIN_BUTTON_LOCATOR}</arg>
<doc>Click the element identified by ``locator``.</doc>
<status status="PASS" start="2025-03-30T18:37:57.907195" elapsed="0.055141"/>
</kw>
<status status="PASS" start="2025-03-30T18:37:57.904786" elapsed="0.057550"/>
</kw>
<kw name="The login error message should be displayed" owner="failed_login_keyword">
<kw name="Element Text Should Be" owner="SeleniumLibrary">
<msg time="2025-03-30T18:37:57.962336" level="INFO">Verifying element 'xpath://h3[@data-test='error']' contains exact text 'Epic sadface: Username and password do not match any user in this service'.</msg>
<arg>${LOGIN_ERROR_MESSAGE_LOCATOR}</arg>
<arg>${LOGIN_ERROR_MESSAGE}</arg>
<doc>Verifies that element ``locator`` contains exact the text ``expected``.</doc>
<status status="PASS" start="2025-03-30T18:37:57.962336" elapsed="0.018530"/>
</kw>
<status status="PASS" start="2025-03-30T18:37:57.962336" elapsed="0.018530"/>
</kw>
<status status="PASS" start="2025-03-30T18:37:55.755007" elapsed="2.225859"/>
</test>
<test id="s1-s2-t4" name="TC04:Login with missing username" line="31">
<kw name="User is in the login page" owner="failed_login_keyword">
<kw name="Open Browser" owner="SeleniumLibrary">
<msg time="2025-03-30T18:37:57.983075" level="INFO">Opening browser 'Chrome' to base url 'https://www.saucedemo.com'.</msg>
<arg>${URL}</arg>
<arg>Chrome</arg>
<doc>Opens a new browser instance to the optional ``url``.</doc>
<status status="PASS" start="2025-03-30T18:37:57.981999" elapsed="1.979756"/>
</kw>
<kw name="Maximize Browser Window" owner="SeleniumLibrary">
<doc>Maximizes current browser window.</doc>
<status status="PASS" start="2025-03-30T18:37:59.961755" elapsed="0.084246"/>
</kw>
<arg>${URL}</arg>
<status status="PASS" start="2025-03-30T18:37:57.981999" elapsed="2.064996"/>
</kw>
<kw name="The User enter the password" owner="failed_login_keyword">
<kw name="Input Text" owner="SeleniumLibrary">
<msg time="2025-03-30T18:38:00.047995" level="INFO">Typing text 'WrongPassword' into text field 'xpath://input[@data-test='password']'.</msg>
<arg>${PASSWORD_LOCATOR}</arg>
<arg>${PASSWORD}</arg>
<doc>Types the given ``text`` into the text field identified by ``locator``.</doc>
<status status="PASS" start="2025-03-30T18:38:00.047995" elapsed="0.197097"/>
</kw>
<arg>${WRONG_PASSWORD}</arg>
<status status="PASS" start="2025-03-30T18:38:00.046995" elapsed="0.198097"/>
</kw>
<kw name="The user submmit the login form" owner="failed_login_keyword">
<kw name="Click Element" owner="SeleniumLibrary">
<msg time="2025-03-30T18:38:00.246472" level="INFO">Clicking element 'xpath://input[@data-test= 'login-button']'.</msg>
<arg>${LOGIN_BUTTON_LOCATOR}</arg>
<doc>Click the element identified by ``locator``.</doc>
<status status="PASS" start="2025-03-30T18:38:00.246472" elapsed="0.074246"/>
</kw>
<status status="PASS" start="2025-03-30T18:38:00.246472" elapsed="0.074246"/>
</kw>
<kw name="The user name missing error message should be displayed" owner="failed_login_keyword">
<kw name="Element Text Should Be" owner="SeleniumLibrary">
<msg time="2025-03-30T18:38:00.320718" level="INFO">Verifying element 'xpath://h3[@data-test='error']' contains exact text 'Epic sadface: Username is required'.</msg>
<arg>${LOGIN_ERROR_MESSAGE_LOCATOR}</arg>
<arg>${MISSING_USERNAME_MESSAGE}</arg>
<doc>Verifies that element ``locator`` contains exact the text ``expected``.</doc>
<status status="PASS" start="2025-03-30T18:38:00.320718" elapsed="0.036505"/>
</kw>
<status status="PASS" start="2025-03-30T18:38:00.320718" elapsed="0.036505"/>
</kw>
<status status="PASS" start="2025-03-30T18:37:57.981999" elapsed="2.376454"/>
</test>
<test id="s1-s2-t5" name="TC05:Login with missing password" line="37">
<kw name="User is in the login page" owner="failed_login_keyword">
<kw name="Open Browser" owner="SeleniumLibrary">
<msg time="2025-03-30T18:38:00.359454" level="INFO">Opening browser 'Chrome' to base url 'https://www.saucedemo.com'.</msg>
<arg>${URL}</arg>
<arg>Chrome</arg>
<doc>Opens a new browser instance to the optional ``url``.</doc>
<status status="PASS" start="2025-03-30T18:38:00.359454" elapsed="1.997298"/>
</kw>
<kw name="Maximize Browser Window" owner="SeleniumLibrary">
<doc>Maximizes current browser window.</doc>
<status status="PASS" start="2025-03-30T18:38:02.356752" elapsed="0.039206"/>
</kw>
<arg>${URL}</arg>
<status status="PASS" start="2025-03-30T18:38:00.359454" elapsed="2.036504"/>
</kw>
<kw name="The user enter the user name" owner="failed_login_keyword">
<kw name="Input Text" owner="SeleniumLibrary">
<msg time="2025-03-30T18:38:02.395958" level="INFO">Typing text 'standard_user' into text field 'xpath://input[@data-test='username']'.</msg>
<arg>${USER_NAME_LOCATOR}</arg>
<arg>${USER_NAME}</arg>
<doc>Types the given ``text`` into the text field identified by ``locator``.</doc>
<status status="PASS" start="2025-03-30T18:38:02.395958" elapsed="0.126967"/>
</kw>
<arg>${USER_NAME}</arg>
<status status="PASS" start="2025-03-30T18:38:02.395958" elapsed="0.126967"/>
</kw>
<kw name="The user submmit the login form" owner="failed_login_keyword">
<kw name="Click Element" owner="SeleniumLibrary">
<msg time="2025-03-30T18:38:02.524499" level="INFO">Clicking element 'xpath://input[@data-test= 'login-button']'.</msg>
<arg>${LOGIN_BUTTON_LOCATOR}</arg>
<doc>Click the element identified by ``locator``.</doc>
<status status="PASS" start="2025-03-30T18:38:02.524499" elapsed="0.061867"/>
</kw>
<status status="PASS" start="2025-03-30T18:38:02.522925" elapsed="0.063441"/>
</kw>
<kw name="The password missing error message should be displayed" owner="failed_login_keyword">
<kw name="Element Text Should Be" owner="SeleniumLibrary">
<msg time="2025-03-30T18:38:02.586366" level="INFO">Verifying element 'xpath://h3[@data-test='error']' contains exact text 'Epic sadface: Password is required'.</msg>
<arg>${LOGIN_ERROR_MESSAGE_LOCATOR}</arg>
<arg>${MISSING_PASSWORD_MESSAGE}</arg>
<doc>Verifies that element ``locator`` contains exact the text ``expected``.</doc>
<status status="PASS" start="2025-03-30T18:38:02.586366" elapsed="0.022801"/>
</kw>
<status status="PASS" start="2025-03-30T18:38:02.586366" elapsed="0.022801"/>
</kw>
<status status="PASS" start="2025-03-30T18:38:00.358453" elapsed="2.250714"/>
</test>
<doc>Failed log in test suite</doc>
<meta name="Author">Kawtar KHOUMRI</meta>
<status status="PASS" start="2025-03-30T18:37:51.264508" elapsed="11.345662"/>
</suite>
<suite id="s1-s3" name="Sort Items Tests" source="C:\Users\49176\PycharmProjects\AutomationProject\SpriteCloudAssignment\tests\ui_tests\sort_items_tests.robot">
<test id="s1-s3-t1" name="TC01: Sort items by nsmes from z-a" line="11">
<kw name="User is in the login page" owner="failed_login_keyword">
<kw name="Open Browser" owner="SeleniumLibrary">
<msg time="2025-03-30T18:38:02.643448" level="INFO">Opening browser 'Chrome' to base url 'https://www.saucedemo.com'.</msg>
<arg>${URL}</arg>
<arg>Chrome</arg>
<doc>Opens a new browser instance to the optional ``url``.</doc>
<status status="PASS" start="2025-03-30T18:38:02.643448" elapsed="1.953354"/>
</kw>
<kw name="Maximize Browser Window" owner="SeleniumLibrary">
<doc>Maximizes current browser window.</doc>
<status status="PASS" start="2025-03-30T18:38:04.596802" elapsed="0.270982"/>
</kw>
<arg>${URL}</arg>
<status status="PASS" start="2025-03-30T18:38:02.639402" elapsed="2.228382"/>
</kw>
<kw name="The user enter the user name" owner="failed_login_keyword">
<kw name="Input Text" owner="SeleniumLibrary">
<msg time="2025-03-30T18:38:04.868787" level="INFO">Typing text 'standard_user' into text field 'xpath://input[@data-test='username']'.</msg>
<arg>${USER_NAME_LOCATOR}</arg>
<arg>${USER_NAME}</arg>
<doc>Types the given ``text`` into the text field identified by ``locator``.</doc>
<status status="PASS" start="2025-03-30T18:38:04.868787" elapsed="0.119385"/>
</kw>
<arg>${USER_NAME}</arg>
<status status="PASS" start="2025-03-30T18:38:04.868787" elapsed="0.119385"/>
</kw>
<kw name="The User enter the password" owner="failed_login_keyword">
<kw name="Input Text" owner="SeleniumLibrary">
<msg time="2025-03-30T18:38:04.989304" level="INFO">Typing text 'secret_sauce' into text field 'xpath://input[@data-test='password']'.</msg>
<arg>${PASSWORD_LOCATOR}</arg>
<arg>${PASSWORD}</arg>
<doc>Types the given ``text`` into the text field identified by ``locator``.</doc>
<status status="PASS" start="2025-03-30T18:38:04.989304" elapsed="0.184625"/>
</kw>
<arg>${PASSWORD}</arg>
<status status="PASS" start="2025-03-30T18:38:04.989304" elapsed="0.184625"/>
</kw>
<kw name="The user submmit the login form" owner="failed_login_keyword">
<kw name="Click Element" owner="SeleniumLibrary">
<msg time="2025-03-30T18:38:05.175219" level="INFO">Clicking element 'xpath://input[@data-test= 'login-button']'.</msg>
<arg>${LOGIN_BUTTON_LOCATOR}</arg>
<doc>Click the element identified by ``locator``.</doc>
<status status="PASS" start="2025-03-30T18:38:05.175219" elapsed="0.112076"/>
</kw>
<status status="PASS" start="2025-03-30T18:38:05.175219" elapsed="0.112076"/>
</kw>
<kw name="The user is in the home page" owner="checkout_keyword">
<kw name="Page Should Contain Element" owner="SeleniumLibrary">
<msg time="2025-03-30T18:38:05.297153" level="INFO">Current page contains element 'xpath://div[@data-test='inventory-list']//div[1]//div[2]//div[2]'.</msg>
<arg>${SWAGLABS_LOCATOR}</arg>
<doc>Verifies that element ``locator`` is found on the current page.</doc>
<status status="PASS" start="2025-03-30T18:38:05.290295" elapsed="0.006858"/>
</kw>
<status status="PASS" start="2025-03-30T18:38:05.290295" elapsed="0.006858"/>
</kw>
<kw name="The user select from list" owner="sort_items_keyword">
<kw name="Select From List By Value" owner="SeleniumLibrary">
<msg time="2025-03-30T18:38:05.313421" level="INFO">Selecting options from selection list 'xpath://select[@data-test='product-sort-container']' by value za.</msg>
<arg>${SELECT_LIST_LOCATOR}</arg>
<arg>${SORT_BY_NAME_Z}</arg>
<doc>Selects options from selection list ``locator`` by ``values``.</doc>
<status status="PASS" start="2025-03-30T18:38:05.312422" elapsed="0.115689"/>
</kw>
<arg>${SORT_BY_NAME_Z}</arg>
<status status="PASS" start="2025-03-30T18:38:05.312159" elapsed="0.115952"/>
</kw>
<kw name="The items should be sorted" owner="sort_items_keyword">
<kw name="Wait Until Element Is Visible" owner="SeleniumLibrary">
<arg>${product_locator}</arg>
<doc>Waits until the element ``locator`` is visible.</doc>
<status status="PASS" start="2025-03-30T18:38:05.431111" elapsed="0.021925"/>
</kw>
<kw name="Get WebElements" owner="SeleniumLibrary">
<msg time="2025-03-30T18:38:05.459828" level="INFO">${products_list} = [&lt;selenium.webdriver.remote.webelement.WebElement (session="e9fc3b97d8da0a6d270d56417d3cdf4a", element="f.B63338DCAEDAE0894590DD90AFF9E13A.d.2921978CFA682B75C69EEF24A22B8BFF.e.34")&gt;, &lt;selenium.webdriv...</msg>
<var>${products_list}</var>
<arg>${product_locator}</arg>
<doc>Returns a list of WebElement objects matching the ``locator``.</doc>
<status status="PASS" start="2025-03-30T18:38:05.453541" elapsed="0.007479"/>
</kw>
<kw name="Create List" owner="BuiltIn">
<msg time="2025-03-30T18:38:05.461020" level="INFO">${product_names} = []</msg>
<var>${product_names}</var>
<doc>Returns a list containing given items.</doc>
<status status="PASS" start="2025-03-30T18:38:05.461020" elapsed="0.000000"/>
</kw>
<for flavor="IN">
<iter>
<kw name="Get Text" owner="SeleniumLibrary">
<msg time="2025-03-30T18:38:05.476033" level="INFO">${product_title} = Test.allTheThings() T-Shirt (Red)</msg>
<var>${product_title}</var>
<arg>${product}</arg>
<doc>Returns the text value of the element identified by ``locator``.</doc>
<status status="PASS" start="2025-03-30T18:38:05.461020" elapsed="0.015013"/>
</kw>
<kw name="Append To List" owner="Collections">
<arg>${product_names}</arg>
<arg>${product_title}</arg>
<doc>Adds ``values`` to the end of ``list``.</doc>
<status status="PASS" start="2025-03-30T18:38:05.476033" elapsed="0.000000"/>
</kw>
<var name="${product}">&lt;selenium.webdriver.remote.webelement.WebElement (session="e9fc3b97d8da0a6d270d56417d3cdf4a", element="f.B63338DCAEDAE0894590DD90AFF9E13A.d.2921978CFA682B75C69EEF24A22B8BFF.e.34")&gt;</var>
<status status="PASS" start="2025-03-30T18:38:05.461020" elapsed="0.015013"/>
</iter>
<iter>
<kw name="Get Text" owner="SeleniumLibrary">
<msg time="2025-03-30T18:38:05.485445" level="INFO">${product_title} = Sauce Labs Onesie</msg>
<var>${product_title}</var>
<arg>${product}</arg>
<doc>Returns the text value of the element identified by ``locator``.</doc>
<status status="PASS" start="2025-03-30T18:38:05.477249" elapsed="0.008196"/>
</kw>
<kw name="Append To List" owner="Collections">
<arg>${product_names}</arg>
<arg>${product_title}</arg>
<doc>Adds ``values`` to the end of ``list``.</doc>
<status status="PASS" start="2025-03-30T18:38:05.486872" elapsed="0.000000"/>
</kw>
<var name="${product}">&lt;selenium.webdriver.remote.webelement.WebElement (session="e9fc3b97d8da0a6d270d56417d3cdf4a", element="f.B63338DCAEDAE0894590DD90AFF9E13A.d.2921978CFA682B75C69EEF24A22B8BFF.e.35")&gt;</var>
<status status="PASS" start="2025-03-30T18:38:05.477249" elapsed="0.009623"/>
</iter>
<iter>
<kw name="Get Text" owner="SeleniumLibrary">
<msg time="2025-03-30T18:38:05.495806" level="INFO">${product_title} = Sauce Labs Fleece Jacket</msg>
<var>${product_title}</var>
<arg>${product}</arg>
<doc>Returns the text value of the element identified by ``locator``.</doc>
<status status="PASS" start="2025-03-30T18:38:05.486872" elapsed="0.008934"/>
</kw>
<kw name="Append To List" owner="Collections">
<arg>${product_names}</arg>
<arg>${product_title}</arg>
<doc>Adds ``values`` to the end of ``list``.</doc>
<status status="PASS" start="2025-03-30T18:38:05.495806" elapsed="0.000000"/>
</kw>
<var name="${product}">&lt;selenium.webdriver.remote.webelement.WebElement (session="e9fc3b97d8da0a6d270d56417d3cdf4a", element="f.B63338DCAEDAE0894590DD90AFF9E13A.d.2921978CFA682B75C69EEF24A22B8BFF.e.36")&gt;</var>
<status status="PASS" start="2025-03-30T18:38:05.486872" elapsed="0.008934"/>
</iter>
<iter>
<kw name="Get Text" owner="SeleniumLibrary">
<msg time="2025-03-30T18:38:05.503743" level="INFO">${product_title} = Sauce Labs Bolt T-Shirt</msg>
<var>${product_title}</var>
<arg>${product}</arg>
<doc>Returns the text value of the element identified by ``locator``.</doc>
<status status="PASS" start="2025-03-30T18:38:05.496983" elapsed="0.006760"/>
</kw>
<kw name="Append To List" owner="Collections">
<arg>${product_names}</arg>
<arg>${product_title}</arg>
<doc>Adds ``values`` to the end of ``list``.</doc>
<status status="PASS" start="2025-03-30T18:38:05.503743" elapsed="0.001164"/>
</kw>
<var name="${product}">&lt;selenium.webdriver.remote.webelement.WebElement (session="e9fc3b97d8da0a6d270d56417d3cdf4a", element="f.B63338DCAEDAE0894590DD90AFF9E13A.d.2921978CFA682B75C69EEF24A22B8BFF.e.37")&gt;</var>
<status status="PASS" start="2025-03-30T18:38:05.496983" elapsed="0.007924"/>
</iter>
<iter>
<kw name="Get Text" owner="SeleniumLibrary">
<msg time="2025-03-30T18:38:05.510210" level="INFO">${product_title} = Sauce Labs Bike Light</msg>
<var>${product_title}</var>
<arg>${product}</arg>
<doc>Returns the text value of the element identified by ``locator``.</doc>
<status status="PASS" start="2025-03-30T18:38:05.504907" elapsed="0.005303"/>
</kw>
<kw name="Append To List" owner="Collections">
<arg>${product_names}</arg>
<arg>${product_title}</arg>
<doc>Adds ``values`` to the end of ``list``.</doc>
<status status="PASS" start="2025-03-30T18:38:05.510210" elapsed="0.000000"/>
</kw>
<var name="${product}">&lt;selenium.webdriver.remote.webelement.WebElement (session="e9fc3b97d8da0a6d270d56417d3cdf4a", element="f.B63338DCAEDAE0894590DD90AFF9E13A.d.2921978CFA682B75C69EEF24A22B8BFF.e.38")&gt;</var>
<status status="PASS" start="2025-03-30T18:38:05.504907" elapsed="0.005303"/>
</iter>
<iter>
<kw name="Get Text" owner="SeleniumLibrary">
<msg time="2025-03-30T18:38:05.515211" level="INFO">${product_title} = Sauce Labs Backpack</msg>
<var>${product_title}</var>
<arg>${product}</arg>
<doc>Returns the text value of the element identified by ``locator``.</doc>
<status status="PASS" start="2025-03-30T18:38:05.510210" elapsed="0.006380"/>
</kw>
<kw name="Append To List" owner="Collections">
<arg>${product_names}</arg>
<arg>${product_title}</arg>
<doc>Adds ``values`` to the end of ``list``.</doc>
<status status="PASS" start="2025-03-30T18:38:05.516590" elapsed="0.000000"/>
</kw>
<var name="${product}">&lt;selenium.webdriver.remote.webelement.WebElement (session="e9fc3b97d8da0a6d270d56417d3cdf4a", element="f.B63338DCAEDAE0894590DD90AFF9E13A.d.2921978CFA682B75C69EEF24A22B8BFF.e.39")&gt;</var>
<status status="PASS" start="2025-03-30T18:38:05.510210" elapsed="0.006380"/>
</iter>
<var>${product}</var>
<value>@{products_list}</value>
<status status="PASS" start="2025-03-30T18:38:05.461020" elapsed="0.055570"/>
</for>
<kw name="Copy List" owner="Collections">
<msg time="2025-03-30T18:38:05.517686" level="INFO">${sorted_products_name} = ['Test.allTheThings() T-Shirt (Red)', 'Sauce Labs Onesie', 'Sauce Labs Fleece Jacket', 'Sauce Labs Bolt T-Shirt', 'Sauce Labs Bike Light', 'Sauce Labs Backpack']</msg>
<var>${sorted_products_name}</var>
<arg>${product_names}</arg>
<doc>Returns a copy of the given list.</doc>
<status status="PASS" start="2025-03-30T18:38:05.517686" elapsed="0.000000"/>
</kw>
<kw name="Evaluate" owner="BuiltIn">
<msg time="2025-03-30T18:38:05.517686" level="INFO">${sorted_products_name} = ['Test.allTheThings() T-Shirt (Red)', 'Sauce Labs Onesie', 'Sauce Labs Fleece Jacket', 'Sauce Labs Bolt T-Shirt', 'Sauce Labs Bike Light', 'Sauce Labs Backpack']</msg>
<var>${sorted_products_name}</var>
<arg>sorted(${product_names}, reverse=True)</arg>
<doc>Evaluates the given expression in Python and returns the result.</doc>
<status status="PASS" start="2025-03-30T18:38:05.517686" elapsed="0.000000"/>
</kw>
<kw name="Should Be Equal" owner="BuiltIn">
<arg>${sorted_products_name}</arg>
<arg>${product_names}</arg>
<doc>Fails if the given objects are unequal.</doc>
<status status="PASS" start="2025-03-30T18:38:05.517686" elapsed="0.000000"/>
</kw>
<status status="PASS" start="2025-03-30T18:38:05.430316" elapsed="0.087370"/>
</kw>
<status status="PASS" start="2025-03-30T18:38:02.639402" elapsed="2.878284"/>
</test>
<doc>Sorts the items by name Z-A and validate that the sorting is correct</doc>
<meta name="Author">Kawtar KHOUMRI</meta>
<status status="PASS" start="2025-03-30T18:38:02.611184" elapsed="2.907870"/>
</suite>
<status status="PASS" start="2025-03-30T18:37:48.081605" elapsed="17.438740"/>
</suite>
<statistics>
<total>
<stat pass="7" fail="0" skip="0">All Tests</stat>
</total>
<tag>
</tag>
<suite>
<stat name="Ui Tests" id="s1" pass="7" fail="0" skip="0">Ui Tests</stat>
<stat name="Checkout Tests" id="s1-s1" pass="1" fail="0" skip="0">Ui Tests.Checkout Tests</stat>
<stat name="Failed Login Tests" id="s1-s2" pass="5" fail="0" skip="0">Ui Tests.Failed Login Tests</stat>
<stat name="Sort Items Tests" id="s1-s3" pass="1" fail="0" skip="0">Ui Tests.Sort Items Tests</stat>
</suite>
</statistics>
<errors>
<msg time="2025-03-30T18:37:48.274291" level="ERROR">Error in file 'C:\Users\49176\PycharmProjects\AutomationProject\SpriteCloudAssignment\keywords\ui_keywords\failed_login_keyword.robot' on line 5: Setting 'Suite Teardown' is not allowed in resource file.</msg>
</errors>
</robot>
